{"numTotalTestSuites":116,"numPassedTestSuites":100,"numFailedTestSuites":16,"numPendingTestSuites":0,"numTotalTests":256,"numPassedTests":225,"numFailedTests":31,"numPendingTests":0,"numTodoTests":0,"snapshot":{"added":0,"failure":false,"filesAdded":0,"filesRemoved":0,"filesRemovedList":[],"filesUnmatched":0,"filesUpdated":0,"matched":0,"total":0,"unchecked":0,"uncheckedKeysByFile":[],"unmatched":0,"updated":0,"didUpdate":false},"startTime":1768752964545,"success":false,"testResults":[{"assertionResults":[{"ancestorTitles":["App Session Restoration"],"fullName":"App Session Restoration should restore folder from localStorage on mount","status":"passed","title":"should restore folder from localStorage on mount","duration":36.808958000000075,"failureMessages":[],"meta":{}},{"ancestorTitles":["App Session Restoration"],"fullName":"App Session Restoration should restore file from localStorage on mount","status":"passed","title":"should restore file from localStorage on mount","duration":18.967083999999886,"failureMessages":[],"meta":{}},{"ancestorTitles":["App Session Restoration"],"fullName":"App Session Restoration should not crash and remove invalid path from localStorage","status":"passed","title":"should not crash and remove invalid path from localStorage","duration":7.053833999999824,"failureMessages":[],"meta":{}},{"ancestorTitles":["App Menu Integration"],"fullName":"App Menu Integration should render without crashing","status":"passed","title":"should render without crashing","duration":24.901792000000114,"failureMessages":[],"meta":{}},{"ancestorTitles":["App Menu Integration"],"fullName":"App Menu Integration should show splash screen when no folder is open","status":"passed","title":"should show splash screen when no folder is open","duration":9.81554200000005,"failureMessages":[],"meta":{}},{"ancestorTitles":["App Menu Integration"],"fullName":"App Menu Integration should have main layout structure","status":"passed","title":"should have main layout structure","duration":10.660375000000158,"failureMessages":[],"meta":{}},{"ancestorTitles":["App Export Modal"],"fullName":"App Export Modal should not show export modal initially","status":"passed","title":"should not show export modal initially","duration":12.552832999999964,"failureMessages":[],"meta":{}},{"ancestorTitles":["App State Management"],"fullName":"App State Management should initialize with empty state","status":"passed","title":"should initialize with empty state","duration":9.822875000000067,"failureMessages":[],"meta":{}},{"ancestorTitles":["App State Management"],"fullName":"App State Management should render without errors","status":"passed","title":"should render without errors","duration":4.273916999999983,"failureMessages":[],"meta":{}}],"startTime":1768752966099,"endTime":1768752966234.274,"status":"passed","message":"","name":"/Users/hayashiryosuke/gemini/vertebra/vertebra/src/App.test.tsx"},{"assertionResults":[{"ancestorTitles":["Editor","Rendering"],"fullName":"Editor Rendering renders save button by default","status":"failed","title":"renders save button by default","duration":145.995042,"failureMessages":["ReferenceError: ResizeObserver is not defined\n    at /Users/hayashiryosuke/gemini/vertebra/vertebra/src/components/RichEditor.tsx:104:32\n    at Object.react_stack_bottom_frame (/Users/hayashiryosuke/gemini/vertebra/vertebra/node_modules/react-dom/cjs/react-dom-client.development.js:25989:20)\n    at runWithFiberInDEV (/Users/hayashiryosuke/gemini/vertebra/vertebra/node_modules/react-dom/cjs/react-dom-client.development.js:874:13)\n    at commitHookEffectListMount (/Users/hayashiryosuke/gemini/vertebra/vertebra/node_modules/react-dom/cjs/react-dom-client.development.js:13249:29)\n    at commitHookPassiveMountEffects (/Users/hayashiryosuke/gemini/vertebra/vertebra/node_modules/react-dom/cjs/react-dom-client.development.js:13336:11)\n    at commitPassiveMountOnFiber (/Users/hayashiryosuke/gemini/vertebra/vertebra/node_modules/react-dom/cjs/react-dom-client.development.js:15484:13)\n    at recursivelyTraversePassiveMountEffects (/Users/hayashiryosuke/gemini/vertebra/vertebra/node_modules/react-dom/cjs/react-dom-client.development.js:15439:11)\n    at commitPassiveMountOnFiber (/Users/hayashiryosuke/gemini/vertebra/vertebra/node_modules/react-dom/cjs/react-dom-client.development.js:15718:11)\n    at recursivelyTraversePassiveMountEffects (/Users/hayashiryosuke/gemini/vertebra/vertebra/node_modules/react-dom/cjs/react-dom-client.development.js:15439:11)\n    at commitPassiveMountOnFiber (/Users/hayashiryosuke/gemini/vertebra/vertebra/node_modules/react-dom/cjs/react-dom-client.development.js:15718:11)"],"meta":{}},{"ancestorTitles":["Editor","Rendering"],"fullName":"Editor Rendering hides save button when hideSaveButton is true","status":"failed","title":"hides save button when hideSaveButton is true","duration":53.87979199999995,"failureMessages":["ReferenceError: ResizeObserver is not defined\n    at /Users/hayashiryosuke/gemini/vertebra/vertebra/src/components/RichEditor.tsx:104:32\n    at Object.react_stack_bottom_frame (/Users/hayashiryosuke/gemini/vertebra/vertebra/node_modules/react-dom/cjs/react-dom-client.development.js:25989:20)\n    at runWithFiberInDEV (/Users/hayashiryosuke/gemini/vertebra/vertebra/node_modules/react-dom/cjs/react-dom-client.development.js:874:13)\n    at commitHookEffectListMount (/Users/hayashiryosuke/gemini/vertebra/vertebra/node_modules/react-dom/cjs/react-dom-client.development.js:13249:29)\n    at commitHookPassiveMountEffects (/Users/hayashiryosuke/gemini/vertebra/vertebra/node_modules/react-dom/cjs/react-dom-client.development.js:13336:11)\n    at commitPassiveMountOnFiber (/Users/hayashiryosuke/gemini/vertebra/vertebra/node_modules/react-dom/cjs/react-dom-client.development.js:15484:13)\n    at recursivelyTraversePassiveMountEffects (/Users/hayashiryosuke/gemini/vertebra/vertebra/node_modules/react-dom/cjs/react-dom-client.development.js:15439:11)\n    at commitPassiveMountOnFiber (/Users/hayashiryosuke/gemini/vertebra/vertebra/node_modules/react-dom/cjs/react-dom-client.development.js:15718:11)\n    at recursivelyTraversePassiveMountEffects (/Users/hayashiryosuke/gemini/vertebra/vertebra/node_modules/react-dom/cjs/react-dom-client.development.js:15439:11)\n    at commitPassiveMountOnFiber (/Users/hayashiryosuke/gemini/vertebra/vertebra/node_modules/react-dom/cjs/react-dom-client.development.js:15718:11)"],"meta":{}},{"ancestorTitles":["Editor","Rendering"],"fullName":"Editor Rendering renders node title input","status":"failed","title":"renders node title input","duration":39.11912499999994,"failureMessages":["ReferenceError: ResizeObserver is not defined\n    at /Users/hayashiryosuke/gemini/vertebra/vertebra/src/components/RichEditor.tsx:104:32\n    at Object.react_stack_bottom_frame (/Users/hayashiryosuke/gemini/vertebra/vertebra/node_modules/react-dom/cjs/react-dom-client.development.js:25989:20)\n    at runWithFiberInDEV (/Users/hayashiryosuke/gemini/vertebra/vertebra/node_modules/react-dom/cjs/react-dom-client.development.js:874:13)\n    at commitHookEffectListMount (/Users/hayashiryosuke/gemini/vertebra/vertebra/node_modules/react-dom/cjs/react-dom-client.development.js:13249:29)\n    at commitHookPassiveMountEffects (/Users/hayashiryosuke/gemini/vertebra/vertebra/node_modules/react-dom/cjs/react-dom-client.development.js:13336:11)\n    at commitPassiveMountOnFiber (/Users/hayashiryosuke/gemini/vertebra/vertebra/node_modules/react-dom/cjs/react-dom-client.development.js:15484:13)\n    at recursivelyTraversePassiveMountEffects (/Users/hayashiryosuke/gemini/vertebra/vertebra/node_modules/react-dom/cjs/react-dom-client.development.js:15439:11)\n    at commitPassiveMountOnFiber (/Users/hayashiryosuke/gemini/vertebra/vertebra/node_modules/react-dom/cjs/react-dom-client.development.js:15718:11)\n    at recursivelyTraversePassiveMountEffects (/Users/hayashiryosuke/gemini/vertebra/vertebra/node_modules/react-dom/cjs/react-dom-client.development.js:15439:11)\n    at commitPassiveMountOnFiber (/Users/hayashiryosuke/gemini/vertebra/vertebra/node_modules/react-dom/cjs/react-dom-client.development.js:15718:11)"],"meta":{}},{"ancestorTitles":["Editor","Rendering"],"fullName":"Editor Rendering shows empty state when no node is selected","status":"passed","title":"shows empty state when no node is selected","duration":16.848790999999892,"failureMessages":[],"meta":{}},{"ancestorTitles":["Editor","Rendering"],"fullName":"Editor Rendering renders RichEditor component","status":"failed","title":"renders RichEditor component","duration":5.1849580000000515,"failureMessages":["ReferenceError: ResizeObserver is not defined\n    at /Users/hayashiryosuke/gemini/vertebra/vertebra/src/components/RichEditor.tsx:104:32\n    at Object.react_stack_bottom_frame (/Users/hayashiryosuke/gemini/vertebra/vertebra/node_modules/react-dom/cjs/react-dom-client.development.js:25989:20)\n    at runWithFiberInDEV (/Users/hayashiryosuke/gemini/vertebra/vertebra/node_modules/react-dom/cjs/react-dom-client.development.js:874:13)\n    at commitHookEffectListMount (/Users/hayashiryosuke/gemini/vertebra/vertebra/node_modules/react-dom/cjs/react-dom-client.development.js:13249:29)\n    at commitHookPassiveMountEffects (/Users/hayashiryosuke/gemini/vertebra/vertebra/node_modules/react-dom/cjs/react-dom-client.development.js:13336:11)\n    at commitPassiveMountOnFiber (/Users/hayashiryosuke/gemini/vertebra/vertebra/node_modules/react-dom/cjs/react-dom-client.development.js:15484:13)\n    at recursivelyTraversePassiveMountEffects (/Users/hayashiryosuke/gemini/vertebra/vertebra/node_modules/react-dom/cjs/react-dom-client.development.js:15439:11)\n    at commitPassiveMountOnFiber (/Users/hayashiryosuke/gemini/vertebra/vertebra/node_modules/react-dom/cjs/react-dom-client.development.js:15718:11)\n    at recursivelyTraversePassiveMountEffects (/Users/hayashiryosuke/gemini/vertebra/vertebra/node_modules/react-dom/cjs/react-dom-client.development.js:15439:11)\n    at commitPassiveMountOnFiber (/Users/hayashiryosuke/gemini/vertebra/vertebra/node_modules/react-dom/cjs/react-dom-client.development.js:15718:11)"],"meta":{}},{"ancestorTitles":["Editor","Title Editing"],"fullName":"Editor Title Editing calls onOutlineChange when title is edited","status":"failed","title":"calls onOutlineChange when title is edited","duration":4.711667000000034,"failureMessages":["ReferenceError: ResizeObserver is not defined\n    at /Users/hayashiryosuke/gemini/vertebra/vertebra/src/components/RichEditor.tsx:104:32\n    at Object.react_stack_bottom_frame (/Users/hayashiryosuke/gemini/vertebra/vertebra/node_modules/react-dom/cjs/react-dom-client.development.js:25989:20)\n    at runWithFiberInDEV (/Users/hayashiryosuke/gemini/vertebra/vertebra/node_modules/react-dom/cjs/react-dom-client.development.js:874:13)\n    at commitHookEffectListMount (/Users/hayashiryosuke/gemini/vertebra/vertebra/node_modules/react-dom/cjs/react-dom-client.development.js:13249:29)\n    at commitHookPassiveMountEffects (/Users/hayashiryosuke/gemini/vertebra/vertebra/node_modules/react-dom/cjs/react-dom-client.development.js:13336:11)\n    at commitPassiveMountOnFiber (/Users/hayashiryosuke/gemini/vertebra/vertebra/node_modules/react-dom/cjs/react-dom-client.development.js:15484:13)\n    at recursivelyTraversePassiveMountEffects (/Users/hayashiryosuke/gemini/vertebra/vertebra/node_modules/react-dom/cjs/react-dom-client.development.js:15439:11)\n    at commitPassiveMountOnFiber (/Users/hayashiryosuke/gemini/vertebra/vertebra/node_modules/react-dom/cjs/react-dom-client.development.js:15718:11)\n    at recursivelyTraversePassiveMountEffects (/Users/hayashiryosuke/gemini/vertebra/vertebra/node_modules/react-dom/cjs/react-dom-client.development.js:15439:11)\n    at commitPassiveMountOnFiber (/Users/hayashiryosuke/gemini/vertebra/vertebra/node_modules/react-dom/cjs/react-dom-client.development.js:15718:11)"],"meta":{}},{"ancestorTitles":["Editor","Title Editing"],"fullName":"Editor Title Editing updates title input value when typing","status":"failed","title":"updates title input value when typing","duration":4.4126249999999345,"failureMessages":["ReferenceError: ResizeObserver is not defined\n    at /Users/hayashiryosuke/gemini/vertebra/vertebra/src/components/RichEditor.tsx:104:32\n    at Object.react_stack_bottom_frame (/Users/hayashiryosuke/gemini/vertebra/vertebra/node_modules/react-dom/cjs/react-dom-client.development.js:25989:20)\n    at runWithFiberInDEV (/Users/hayashiryosuke/gemini/vertebra/vertebra/node_modules/react-dom/cjs/react-dom-client.development.js:874:13)\n    at commitHookEffectListMount (/Users/hayashiryosuke/gemini/vertebra/vertebra/node_modules/react-dom/cjs/react-dom-client.development.js:13249:29)\n    at commitHookPassiveMountEffects (/Users/hayashiryosuke/gemini/vertebra/vertebra/node_modules/react-dom/cjs/react-dom-client.development.js:13336:11)\n    at commitPassiveMountOnFiber (/Users/hayashiryosuke/gemini/vertebra/vertebra/node_modules/react-dom/cjs/react-dom-client.development.js:15484:13)\n    at recursivelyTraversePassiveMountEffects (/Users/hayashiryosuke/gemini/vertebra/vertebra/node_modules/react-dom/cjs/react-dom-client.development.js:15439:11)\n    at commitPassiveMountOnFiber (/Users/hayashiryosuke/gemini/vertebra/vertebra/node_modules/react-dom/cjs/react-dom-client.development.js:15718:11)\n    at recursivelyTraversePassiveMountEffects (/Users/hayashiryosuke/gemini/vertebra/vertebra/node_modules/react-dom/cjs/react-dom-client.development.js:15439:11)\n    at commitPassiveMountOnFiber (/Users/hayashiryosuke/gemini/vertebra/vertebra/node_modules/react-dom/cjs/react-dom-client.development.js:15718:11)"],"meta":{}},{"ancestorTitles":["Editor","Save Button"],"fullName":"Editor Save Button calls onSave when save button is clicked","status":"failed","title":"calls onSave when save button is clicked","duration":4.45695899999987,"failureMessages":["ReferenceError: ResizeObserver is not defined\n    at /Users/hayashiryosuke/gemini/vertebra/vertebra/src/components/RichEditor.tsx:104:32\n    at Object.react_stack_bottom_frame (/Users/hayashiryosuke/gemini/vertebra/vertebra/node_modules/react-dom/cjs/react-dom-client.development.js:25989:20)\n    at runWithFiberInDEV (/Users/hayashiryosuke/gemini/vertebra/vertebra/node_modules/react-dom/cjs/react-dom-client.development.js:874:13)\n    at commitHookEffectListMount (/Users/hayashiryosuke/gemini/vertebra/vertebra/node_modules/react-dom/cjs/react-dom-client.development.js:13249:29)\n    at commitHookPassiveMountEffects (/Users/hayashiryosuke/gemini/vertebra/vertebra/node_modules/react-dom/cjs/react-dom-client.development.js:13336:11)\n    at commitPassiveMountOnFiber (/Users/hayashiryosuke/gemini/vertebra/vertebra/node_modules/react-dom/cjs/react-dom-client.development.js:15484:13)\n    at recursivelyTraversePassiveMountEffects (/Users/hayashiryosuke/gemini/vertebra/vertebra/node_modules/react-dom/cjs/react-dom-client.development.js:15439:11)\n    at commitPassiveMountOnFiber (/Users/hayashiryosuke/gemini/vertebra/vertebra/node_modules/react-dom/cjs/react-dom-client.development.js:15718:11)\n    at recursivelyTraversePassiveMountEffects (/Users/hayashiryosuke/gemini/vertebra/vertebra/node_modules/react-dom/cjs/react-dom-client.development.js:15439:11)\n    at commitPassiveMountOnFiber (/Users/hayashiryosuke/gemini/vertebra/vertebra/node_modules/react-dom/cjs/react-dom-client.development.js:15718:11)"],"meta":{}},{"ancestorTitles":["Editor","Save Button"],"fullName":"Editor Save Button disables save button when document is not dirty","status":"failed","title":"disables save button when document is not dirty","duration":8.724125000000186,"failureMessages":["ReferenceError: ResizeObserver is not defined\n    at /Users/hayashiryosuke/gemini/vertebra/vertebra/src/components/RichEditor.tsx:104:32\n    at Object.react_stack_bottom_frame (/Users/hayashiryosuke/gemini/vertebra/vertebra/node_modules/react-dom/cjs/react-dom-client.development.js:25989:20)\n    at runWithFiberInDEV (/Users/hayashiryosuke/gemini/vertebra/vertebra/node_modules/react-dom/cjs/react-dom-client.development.js:874:13)\n    at commitHookEffectListMount (/Users/hayashiryosuke/gemini/vertebra/vertebra/node_modules/react-dom/cjs/react-dom-client.development.js:13249:29)\n    at commitHookPassiveMountEffects (/Users/hayashiryosuke/gemini/vertebra/vertebra/node_modules/react-dom/cjs/react-dom-client.development.js:13336:11)\n    at commitPassiveMountOnFiber (/Users/hayashiryosuke/gemini/vertebra/vertebra/node_modules/react-dom/cjs/react-dom-client.development.js:15484:13)\n    at recursivelyTraversePassiveMountEffects (/Users/hayashiryosuke/gemini/vertebra/vertebra/node_modules/react-dom/cjs/react-dom-client.development.js:15439:11)\n    at commitPassiveMountOnFiber (/Users/hayashiryosuke/gemini/vertebra/vertebra/node_modules/react-dom/cjs/react-dom-client.development.js:15718:11)\n    at recursivelyTraversePassiveMountEffects (/Users/hayashiryosuke/gemini/vertebra/vertebra/node_modules/react-dom/cjs/react-dom-client.development.js:15439:11)\n    at commitPassiveMountOnFiber (/Users/hayashiryosuke/gemini/vertebra/vertebra/node_modules/react-dom/cjs/react-dom-client.development.js:15718:11)"],"meta":{}},{"ancestorTitles":["Editor","Save Button"],"fullName":"Editor Save Button enables save button when document is dirty","status":"failed","title":"enables save button when document is dirty","duration":5.395541999999978,"failureMessages":["ReferenceError: ResizeObserver is not defined\n    at /Users/hayashiryosuke/gemini/vertebra/vertebra/src/components/RichEditor.tsx:104:32\n    at Object.react_stack_bottom_frame (/Users/hayashiryosuke/gemini/vertebra/vertebra/node_modules/react-dom/cjs/react-dom-client.development.js:25989:20)\n    at runWithFiberInDEV (/Users/hayashiryosuke/gemini/vertebra/vertebra/node_modules/react-dom/cjs/react-dom-client.development.js:874:13)\n    at commitHookEffectListMount (/Users/hayashiryosuke/gemini/vertebra/vertebra/node_modules/react-dom/cjs/react-dom-client.development.js:13249:29)\n    at commitHookPassiveMountEffects (/Users/hayashiryosuke/gemini/vertebra/vertebra/node_modules/react-dom/cjs/react-dom-client.development.js:13336:11)\n    at commitPassiveMountOnFiber (/Users/hayashiryosuke/gemini/vertebra/vertebra/node_modules/react-dom/cjs/react-dom-client.development.js:15484:13)\n    at recursivelyTraversePassiveMountEffects (/Users/hayashiryosuke/gemini/vertebra/vertebra/node_modules/react-dom/cjs/react-dom-client.development.js:15439:11)\n    at commitPassiveMountOnFiber (/Users/hayashiryosuke/gemini/vertebra/vertebra/node_modules/react-dom/cjs/react-dom-client.development.js:15718:11)\n    at recursivelyTraversePassiveMountEffects (/Users/hayashiryosuke/gemini/vertebra/vertebra/node_modules/react-dom/cjs/react-dom-client.development.js:15439:11)\n    at commitPassiveMountOnFiber (/Users/hayashiryosuke/gemini/vertebra/vertebra/node_modules/react-dom/cjs/react-dom-client.development.js:15718:11)"],"meta":{}},{"ancestorTitles":["Editor","Save Button"],"fullName":"Editor Save Button shows keyboard shortcut hint in save button","status":"failed","title":"shows keyboard shortcut hint in save button","duration":10.631584000000203,"failureMessages":["ReferenceError: ResizeObserver is not defined\n    at /Users/hayashiryosuke/gemini/vertebra/vertebra/src/components/RichEditor.tsx:104:32\n    at Object.react_stack_bottom_frame (/Users/hayashiryosuke/gemini/vertebra/vertebra/node_modules/react-dom/cjs/react-dom-client.development.js:25989:20)\n    at runWithFiberInDEV (/Users/hayashiryosuke/gemini/vertebra/vertebra/node_modules/react-dom/cjs/react-dom-client.development.js:874:13)\n    at commitHookEffectListMount (/Users/hayashiryosuke/gemini/vertebra/vertebra/node_modules/react-dom/cjs/react-dom-client.development.js:13249:29)\n    at commitHookPassiveMountEffects (/Users/hayashiryosuke/gemini/vertebra/vertebra/node_modules/react-dom/cjs/react-dom-client.development.js:13336:11)\n    at commitPassiveMountOnFiber (/Users/hayashiryosuke/gemini/vertebra/vertebra/node_modules/react-dom/cjs/react-dom-client.development.js:15484:13)\n    at recursivelyTraversePassiveMountEffects (/Users/hayashiryosuke/gemini/vertebra/vertebra/node_modules/react-dom/cjs/react-dom-client.development.js:15439:11)\n    at commitPassiveMountOnFiber (/Users/hayashiryosuke/gemini/vertebra/vertebra/node_modules/react-dom/cjs/react-dom-client.development.js:15718:11)\n    at recursivelyTraversePassiveMountEffects (/Users/hayashiryosuke/gemini/vertebra/vertebra/node_modules/react-dom/cjs/react-dom-client.development.js:15439:11)\n    at commitPassiveMountOnFiber (/Users/hayashiryosuke/gemini/vertebra/vertebra/node_modules/react-dom/cjs/react-dom-client.development.js:15718:11)"],"meta":{}},{"ancestorTitles":["Editor","Node Selection"],"fullName":"Editor Node Selection updates when different node is selected","status":"failed","title":"updates when different node is selected","duration":5.997708999999986,"failureMessages":["ReferenceError: ResizeObserver is not defined\n    at /Users/hayashiryosuke/gemini/vertebra/vertebra/src/components/RichEditor.tsx:104:32\n    at Object.react_stack_bottom_frame (/Users/hayashiryosuke/gemini/vertebra/vertebra/node_modules/react-dom/cjs/react-dom-client.development.js:25989:20)\n    at runWithFiberInDEV (/Users/hayashiryosuke/gemini/vertebra/vertebra/node_modules/react-dom/cjs/react-dom-client.development.js:874:13)\n    at commitHookEffectListMount (/Users/hayashiryosuke/gemini/vertebra/vertebra/node_modules/react-dom/cjs/react-dom-client.development.js:13249:29)\n    at commitHookPassiveMountEffects (/Users/hayashiryosuke/gemini/vertebra/vertebra/node_modules/react-dom/cjs/react-dom-client.development.js:13336:11)\n    at commitPassiveMountOnFiber (/Users/hayashiryosuke/gemini/vertebra/vertebra/node_modules/react-dom/cjs/react-dom-client.development.js:15484:13)\n    at recursivelyTraversePassiveMountEffects (/Users/hayashiryosuke/gemini/vertebra/vertebra/node_modules/react-dom/cjs/react-dom-client.development.js:15439:11)\n    at commitPassiveMountOnFiber (/Users/hayashiryosuke/gemini/vertebra/vertebra/node_modules/react-dom/cjs/react-dom-client.development.js:15718:11)\n    at recursivelyTraversePassiveMountEffects (/Users/hayashiryosuke/gemini/vertebra/vertebra/node_modules/react-dom/cjs/react-dom-client.development.js:15439:11)\n    at commitPassiveMountOnFiber (/Users/hayashiryosuke/gemini/vertebra/vertebra/node_modules/react-dom/cjs/react-dom-client.development.js:15718:11)"],"meta":{}},{"ancestorTitles":["Editor","Node Selection"],"fullName":"Editor Node Selection shows empty state when selectedNodeId is null","status":"passed","title":"shows empty state when selectedNodeId is null","duration":8.964459000000033,"failureMessages":[],"meta":{}},{"ancestorTitles":["Editor","Content Editing"],"fullName":"Editor Content Editing renders content in RichEditor","status":"failed","title":"renders content in RichEditor","duration":12.963083000000097,"failureMessages":["ReferenceError: ResizeObserver is not defined\n    at /Users/hayashiryosuke/gemini/vertebra/vertebra/src/components/RichEditor.tsx:104:32\n    at Object.react_stack_bottom_frame (/Users/hayashiryosuke/gemini/vertebra/vertebra/node_modules/react-dom/cjs/react-dom-client.development.js:25989:20)\n    at runWithFiberInDEV (/Users/hayashiryosuke/gemini/vertebra/vertebra/node_modules/react-dom/cjs/react-dom-client.development.js:874:13)\n    at commitHookEffectListMount (/Users/hayashiryosuke/gemini/vertebra/vertebra/node_modules/react-dom/cjs/react-dom-client.development.js:13249:29)\n    at commitHookPassiveMountEffects (/Users/hayashiryosuke/gemini/vertebra/vertebra/node_modules/react-dom/cjs/react-dom-client.development.js:13336:11)\n    at commitPassiveMountOnFiber (/Users/hayashiryosuke/gemini/vertebra/vertebra/node_modules/react-dom/cjs/react-dom-client.development.js:15484:13)\n    at recursivelyTraversePassiveMountEffects (/Users/hayashiryosuke/gemini/vertebra/vertebra/node_modules/react-dom/cjs/react-dom-client.development.js:15439:11)\n    at commitPassiveMountOnFiber (/Users/hayashiryosuke/gemini/vertebra/vertebra/node_modules/react-dom/cjs/react-dom-client.development.js:15718:11)\n    at recursivelyTraversePassiveMountEffects (/Users/hayashiryosuke/gemini/vertebra/vertebra/node_modules/react-dom/cjs/react-dom-client.development.js:15439:11)\n    at commitPassiveMountOnFiber (/Users/hayashiryosuke/gemini/vertebra/vertebra/node_modules/react-dom/cjs/react-dom-client.development.js:15718:11)"],"meta":{}}],"startTime":1768752965780,"endTime":1768752966107.9631,"status":"failed","message":"","name":"/Users/hayashiryosuke/gemini/vertebra/vertebra/src/components/Editor.test.tsx"},{"assertionResults":[{"ancestorTitles":["ExportModal","Modal Visibility"],"fullName":"ExportModal Modal Visibility should render when isOpen is true","status":"passed","title":"should render when isOpen is true","duration":19.330791999999974,"failureMessages":[],"meta":{}},{"ancestorTitles":["ExportModal","Modal Visibility"],"fullName":"ExportModal Modal Visibility should not render when isOpen is false","status":"passed","title":"should not render when isOpen is false","duration":2.639666000000034,"failureMessages":[],"meta":{}},{"ancestorTitles":["ExportModal","Modal Visibility"],"fullName":"ExportModal Modal Visibility should display modal title","status":"passed","title":"should display modal title","duration":2.29037500000004,"failureMessages":[],"meta":{}},{"ancestorTitles":["ExportModal","Modal Visibility"],"fullName":"ExportModal Modal Visibility should display description","status":"passed","title":"should display description","duration":3.0853329999999914,"failureMessages":[],"meta":{}},{"ancestorTitles":["ExportModal","Modal Interaction"],"fullName":"ExportModal Modal Interaction should call onClose when cancel button is clicked","status":"passed","title":"should call onClose when cancel button is clicked","duration":4.477542000000085,"failureMessages":[],"meta":{}},{"ancestorTitles":["ExportModal","Modal Interaction"],"fullName":"ExportModal Modal Interaction should call onClose when clicking overlay","status":"passed","title":"should call onClose when clicking overlay","duration":1.8296250000000782,"failureMessages":[],"meta":{}},{"ancestorTitles":["ExportModal","Modal Interaction"],"fullName":"ExportModal Modal Interaction should not close when clicking modal content","status":"passed","title":"should not close when clicking modal content","duration":4.0184169999999995,"failureMessages":[],"meta":{}},{"ancestorTitles":["ExportModal","Export Flow"],"fullName":"ExportModal Export Flow should show export button with correct text","status":"passed","title":"should show export button with correct text","duration":2.969583000000057,"failureMessages":[],"meta":{}},{"ancestorTitles":["ExportModal","Export Flow"],"fullName":"ExportModal Export Flow should call save dialog with correct parameters","status":"passed","title":"should call save dialog with correct parameters","duration":5.288667000000032,"failureMessages":[],"meta":{}},{"ancestorTitles":["ExportModal","Export Flow"],"fullName":"ExportModal Export Flow should invoke export_document with correct options","status":"passed","title":"should invoke export_document with correct options","duration":16.37041700000009,"failureMessages":[],"meta":{}},{"ancestorTitles":["ExportModal","Export Flow"],"fullName":"ExportModal Export Flow should handle user cancellation (no file selected)","status":"passed","title":"should handle user cancellation (no file selected)","duration":8.579375000000027,"failureMessages":[],"meta":{}},{"ancestorTitles":["ExportModal","Export Flow"],"fullName":"ExportModal Export Flow should show success message after successful export","status":"passed","title":"should show success message after successful export","duration":19.237208999999893,"failureMessages":[],"meta":{}},{"ancestorTitles":["ExportModal","Export Flow"],"fullName":"ExportModal Export Flow should auto-close modal after successful export","status":"passed","title":"should auto-close modal after successful export","duration":4.549833000000035,"failureMessages":[],"meta":{}},{"ancestorTitles":["ExportModal","Error Handling"],"fullName":"ExportModal Error Handling should display error message when export fails","status":"passed","title":"should display error message when export fails","duration":5.44137499999988,"failureMessages":[],"meta":{}},{"ancestorTitles":["ExportModal","Error Handling"],"fullName":"ExportModal Error Handling should re-enable export button after error","status":"passed","title":"should re-enable export button after error","duration":71.98904199999993,"failureMessages":[],"meta":{}},{"ancestorTitles":["ExportModal","State Management"],"fullName":"ExportModal State Management should clear error and success states when closing","status":"passed","title":"should clear error and success states when closing","duration":3.333541999999852,"failureMessages":[],"meta":{}},{"ancestorTitles":["ExportModal","i18n Integration"],"fullName":"ExportModal i18n Integration should use translation keys for all text","status":"passed","title":"should use translation keys for all text","duration":1.1490000000001146,"failureMessages":[],"meta":{}}],"startTime":1768752965752,"endTime":1768752965929.149,"status":"passed","message":"","name":"/Users/hayashiryosuke/gemini/vertebra/vertebra/src/components/ExportModal.test.tsx"},{"assertionResults":[{"ancestorTitles":["RichEditor"],"fullName":"RichEditor renders at least one line number for empty content","status":"failed","title":"renders at least one line number for empty content","duration":143.37158399999998,"failureMessages":["ReferenceError: ResizeObserver is not defined\n    at /Users/hayashiryosuke/gemini/vertebra/vertebra/src/components/RichEditor.tsx:104:32\n    at Object.react_stack_bottom_frame (/Users/hayashiryosuke/gemini/vertebra/vertebra/node_modules/react-dom/cjs/react-dom-client.development.js:25989:20)\n    at runWithFiberInDEV (/Users/hayashiryosuke/gemini/vertebra/vertebra/node_modules/react-dom/cjs/react-dom-client.development.js:874:13)\n    at commitHookEffectListMount (/Users/hayashiryosuke/gemini/vertebra/vertebra/node_modules/react-dom/cjs/react-dom-client.development.js:13249:29)\n    at commitHookPassiveMountEffects (/Users/hayashiryosuke/gemini/vertebra/vertebra/node_modules/react-dom/cjs/react-dom-client.development.js:13336:11)\n    at commitPassiveMountOnFiber (/Users/hayashiryosuke/gemini/vertebra/vertebra/node_modules/react-dom/cjs/react-dom-client.development.js:15484:13)\n    at recursivelyTraversePassiveMountEffects (/Users/hayashiryosuke/gemini/vertebra/vertebra/node_modules/react-dom/cjs/react-dom-client.development.js:15439:11)\n    at commitPassiveMountOnFiber (/Users/hayashiryosuke/gemini/vertebra/vertebra/node_modules/react-dom/cjs/react-dom-client.development.js:15519:11)\n    at flushPassiveEffects (/Users/hayashiryosuke/gemini/vertebra/vertebra/node_modules/react-dom/cjs/react-dom-client.development.js:18432:9)\n    at /Users/hayashiryosuke/gemini/vertebra/vertebra/node_modules/react-dom/cjs/react-dom-client.development.js:17923:15"],"meta":{}},{"ancestorTitles":["RichEditor"],"fullName":"RichEditor renders correct number of line numbers for multi-line content","status":"failed","title":"renders correct number of line numbers for multi-line content","duration":49.19729099999995,"failureMessages":["ReferenceError: ResizeObserver is not defined\n    at /Users/hayashiryosuke/gemini/vertebra/vertebra/src/components/RichEditor.tsx:104:32\n    at Object.react_stack_bottom_frame (/Users/hayashiryosuke/gemini/vertebra/vertebra/node_modules/react-dom/cjs/react-dom-client.development.js:25989:20)\n    at runWithFiberInDEV (/Users/hayashiryosuke/gemini/vertebra/vertebra/node_modules/react-dom/cjs/react-dom-client.development.js:874:13)\n    at commitHookEffectListMount (/Users/hayashiryosuke/gemini/vertebra/vertebra/node_modules/react-dom/cjs/react-dom-client.development.js:13249:29)\n    at commitHookPassiveMountEffects (/Users/hayashiryosuke/gemini/vertebra/vertebra/node_modules/react-dom/cjs/react-dom-client.development.js:13336:11)\n    at commitPassiveMountOnFiber (/Users/hayashiryosuke/gemini/vertebra/vertebra/node_modules/react-dom/cjs/react-dom-client.development.js:15484:13)\n    at recursivelyTraversePassiveMountEffects (/Users/hayashiryosuke/gemini/vertebra/vertebra/node_modules/react-dom/cjs/react-dom-client.development.js:15439:11)\n    at commitPassiveMountOnFiber (/Users/hayashiryosuke/gemini/vertebra/vertebra/node_modules/react-dom/cjs/react-dom-client.development.js:15519:11)\n    at flushPassiveEffects (/Users/hayashiryosuke/gemini/vertebra/vertebra/node_modules/react-dom/cjs/react-dom-client.development.js:18432:9)\n    at /Users/hayashiryosuke/gemini/vertebra/vertebra/node_modules/react-dom/cjs/react-dom-client.development.js:17923:15"],"meta":{}},{"ancestorTitles":["RichEditor"],"fullName":"RichEditor updates line numbers when content changes","status":"failed","title":"updates line numbers when content changes","duration":4.585540999999921,"failureMessages":["ReferenceError: ResizeObserver is not defined\n    at /Users/hayashiryosuke/gemini/vertebra/vertebra/src/components/RichEditor.tsx:104:32\n    at Object.react_stack_bottom_frame (/Users/hayashiryosuke/gemini/vertebra/vertebra/node_modules/react-dom/cjs/react-dom-client.development.js:25989:20)\n    at runWithFiberInDEV (/Users/hayashiryosuke/gemini/vertebra/vertebra/node_modules/react-dom/cjs/react-dom-client.development.js:874:13)\n    at commitHookEffectListMount (/Users/hayashiryosuke/gemini/vertebra/vertebra/node_modules/react-dom/cjs/react-dom-client.development.js:13249:29)\n    at commitHookPassiveMountEffects (/Users/hayashiryosuke/gemini/vertebra/vertebra/node_modules/react-dom/cjs/react-dom-client.development.js:13336:11)\n    at commitPassiveMountOnFiber (/Users/hayashiryosuke/gemini/vertebra/vertebra/node_modules/react-dom/cjs/react-dom-client.development.js:15484:13)\n    at recursivelyTraversePassiveMountEffects (/Users/hayashiryosuke/gemini/vertebra/vertebra/node_modules/react-dom/cjs/react-dom-client.development.js:15439:11)\n    at commitPassiveMountOnFiber (/Users/hayashiryosuke/gemini/vertebra/vertebra/node_modules/react-dom/cjs/react-dom-client.development.js:15519:11)\n    at flushPassiveEffects (/Users/hayashiryosuke/gemini/vertebra/vertebra/node_modules/react-dom/cjs/react-dom-client.development.js:18432:9)\n    at /Users/hayashiryosuke/gemini/vertebra/vertebra/node_modules/react-dom/cjs/react-dom-client.development.js:17923:15"],"meta":{}},{"ancestorTitles":["RichEditor"],"fullName":"RichEditor renders textarea with content","status":"failed","title":"renders textarea with content","duration":3.9470830000000205,"failureMessages":["ReferenceError: ResizeObserver is not defined\n    at /Users/hayashiryosuke/gemini/vertebra/vertebra/src/components/RichEditor.tsx:104:32\n    at Object.react_stack_bottom_frame (/Users/hayashiryosuke/gemini/vertebra/vertebra/node_modules/react-dom/cjs/react-dom-client.development.js:25989:20)\n    at runWithFiberInDEV (/Users/hayashiryosuke/gemini/vertebra/vertebra/node_modules/react-dom/cjs/react-dom-client.development.js:874:13)\n    at commitHookEffectListMount (/Users/hayashiryosuke/gemini/vertebra/vertebra/node_modules/react-dom/cjs/react-dom-client.development.js:13249:29)\n    at commitHookPassiveMountEffects (/Users/hayashiryosuke/gemini/vertebra/vertebra/node_modules/react-dom/cjs/react-dom-client.development.js:13336:11)\n    at commitPassiveMountOnFiber (/Users/hayashiryosuke/gemini/vertebra/vertebra/node_modules/react-dom/cjs/react-dom-client.development.js:15484:13)\n    at recursivelyTraversePassiveMountEffects (/Users/hayashiryosuke/gemini/vertebra/vertebra/node_modules/react-dom/cjs/react-dom-client.development.js:15439:11)\n    at commitPassiveMountOnFiber (/Users/hayashiryosuke/gemini/vertebra/vertebra/node_modules/react-dom/cjs/react-dom-client.development.js:15519:11)\n    at flushPassiveEffects (/Users/hayashiryosuke/gemini/vertebra/vertebra/node_modules/react-dom/cjs/react-dom-client.development.js:18432:9)\n    at /Users/hayashiryosuke/gemini/vertebra/vertebra/node_modules/react-dom/cjs/react-dom-client.development.js:17923:15"],"meta":{}}],"startTime":1768752965725,"endTime":1768752965926.947,"status":"failed","message":"","name":"/Users/hayashiryosuke/gemini/vertebra/vertebra/src/components/RichEditor.test.tsx"},{"assertionResults":[{"ancestorTitles":["SearchModal"],"fullName":"SearchModal does not render when isOpen is false","status":"passed","title":"does not render when isOpen is false","duration":10.483541999999943,"failureMessages":[],"meta":{}},{"ancestorTitles":["SearchModal"],"fullName":"SearchModal renders search input when isOpen is true","status":"passed","title":"renders search input when isOpen is true","duration":178.914667,"failureMessages":[],"meta":{}},{"ancestorTitles":["SearchModal"],"fullName":"SearchModal calls search_files invoke when typing","status":"passed","title":"calls search_files invoke when typing","duration":318.08779200000004,"failureMessages":[],"meta":{}},{"ancestorTitles":["SearchModal"],"fullName":"SearchModal displays results and handles selection","status":"passed","title":"displays results and handles selection","duration":330.56445800000006,"failureMessages":[],"meta":{}}],"startTime":1768752965763,"endTime":1768752966601.5645,"status":"passed","message":"","name":"/Users/hayashiryosuke/gemini/vertebra/vertebra/src/components/SearchModal.test.tsx"},{"assertionResults":[{"ancestorTitles":["SettingsModal"],"fullName":"SettingsModal does not render when isOpen is false","status":"passed","title":"does not render when isOpen is false","duration":18.195875000000115,"failureMessages":[],"meta":{}},{"ancestorTitles":["SettingsModal"],"fullName":"SettingsModal renders when isOpen is true","status":"passed","title":"renders when isOpen is true","duration":14.954917000000023,"failureMessages":[],"meta":{}},{"ancestorTitles":["SettingsModal"],"fullName":"SettingsModal calls onClose when close button is clicked","status":"passed","title":"calls onClose when close button is clicked","duration":15.73358300000018,"failureMessages":[],"meta":{}},{"ancestorTitles":["SettingsModal"],"fullName":"SettingsModal calls onClose when overlay is clicked","status":"passed","title":"calls onClose when overlay is clicked","duration":6.211416999999983,"failureMessages":[],"meta":{}},{"ancestorTitles":["SettingsModal"],"fullName":"SettingsModal displays theme options","status":"passed","title":"displays theme options","duration":2.9928330000000187,"failureMessages":[],"meta":{}},{"ancestorTitles":["SettingsModal"],"fullName":"SettingsModal displays language options","status":"passed","title":"displays language options","duration":5.353875000000016,"failureMessages":[],"meta":{}},{"ancestorTitles":["SettingsModal"],"fullName":"SettingsModal switches theme when theme button is clicked","status":"passed","title":"switches theme when theme button is clicked","duration":6.687333000000081,"failureMessages":[],"meta":{}},{"ancestorTitles":["SettingsModal"],"fullName":"SettingsModal switches language when language button is clicked","status":"passed","title":"switches language when language button is clicked","duration":12.327625000000126,"failureMessages":[],"meta":{}},{"ancestorTitles":["SettingsModal"],"fullName":"SettingsModal does not close when clicking modal content","status":"passed","title":"does not close when clicking modal content","duration":14.052083000000039,"failureMessages":[],"meta":{}}],"startTime":1768752965761,"endTime":1768752965858.052,"status":"passed","message":"","name":"/Users/hayashiryosuke/gemini/vertebra/vertebra/src/components/SettingsModal.test.tsx"},{"assertionResults":[{"ancestorTitles":["Sidebar Integration"],"fullName":"Sidebar Integration renders outline when file is selected","status":"passed","title":"renders outline when file is selected","duration":39.38654199999996,"failureMessages":[],"meta":{}},{"ancestorTitles":["Sidebar Integration"],"fullName":"Sidebar Integration calls onEnterFocus when Focus is clicked in context menu","status":"passed","title":"calls onEnterFocus when Focus is clicked in context menu","duration":41.165541000000076,"failureMessages":[],"meta":{}},{"ancestorTitles":["Sidebar Integration"],"fullName":"Sidebar Integration renders filtered outline when in focus mode","status":"passed","title":"renders filtered outline when in focus mode","duration":4.5151670000000195,"failureMessages":[],"meta":{}},{"ancestorTitles":["Sidebar Integration"],"fullName":"Sidebar Integration calls onExitFocus when Exit button is clicked","status":"passed","title":"calls onExitFocus when Exit button is clicked","duration":5.835166000000072,"failureMessages":[],"meta":{}},{"ancestorTitles":["Sidebar Integration"],"fullName":"Sidebar Integration calls onExitFocus if focused node is removed from outline","status":"passed","title":"calls onExitFocus if focused node is removed from outline","duration":12.741999999999962,"failureMessages":[],"meta":{}}],"startTime":1768752965942,"endTime":1768752966045.742,"status":"passed","message":"","name":"/Users/hayashiryosuke/gemini/vertebra/vertebra/src/components/Sidebar.test.tsx"},{"assertionResults":[{"ancestorTitles":["StatusBar"],"fullName":"StatusBar renders character and word counts correctly","status":"passed","title":"renders character and word counts correctly","duration":17.813541999999984,"failureMessages":[],"meta":{}},{"ancestorTitles":["StatusBar"],"fullName":"StatusBar displays translated labels","status":"passed","title":"displays translated labels","duration":2.4772500000000264,"failureMessages":[],"meta":{}}],"startTime":1768752966819,"endTime":1768752966839.4773,"status":"passed","message":"","name":"/Users/hayashiryosuke/gemini/vertebra/vertebra/src/components/StatusBar.test.tsx"},{"assertionResults":[{"ancestorTitles":["LanguageContext"],"fullName":"LanguageContext initializes with default language (en) if navigator is not ja","status":"passed","title":"initializes with default language (en) if navigator is not ja","duration":19.535916999999927,"failureMessages":[],"meta":{}},{"ancestorTitles":["LanguageContext"],"fullName":"LanguageContext initializes with ja if navigator is ja","status":"passed","title":"initializes with ja if navigator is ja","duration":5.368499999999926,"failureMessages":[],"meta":{}},{"ancestorTitles":["LanguageContext"],"fullName":"LanguageContext respects localStorage over navigator","status":"passed","title":"respects localStorage over navigator","duration":3.6439589999999953,"failureMessages":[],"meta":{}},{"ancestorTitles":["LanguageContext"],"fullName":"LanguageContext changes language and persists","status":"passed","title":"changes language and persists","duration":14.265457999999967,"failureMessages":[],"meta":{}}],"startTime":1768752966727,"endTime":1768752966769.2654,"status":"passed","message":"","name":"/Users/hayashiryosuke/gemini/vertebra/vertebra/src/contexts/LanguageContext.test.tsx"},{"assertionResults":[{"ancestorTitles":["ThemeContext"],"fullName":"ThemeContext defaults to auto theme","status":"passed","title":"defaults to auto theme","duration":14.995833000000061,"failureMessages":[],"meta":{}},{"ancestorTitles":["ThemeContext"],"fullName":"ThemeContext switches to light theme","status":"passed","title":"switches to light theme","duration":6.782832999999982,"failureMessages":[],"meta":{}},{"ancestorTitles":["ThemeContext"],"fullName":"ThemeContext switches to dark theme","status":"passed","title":"switches to dark theme","duration":2.297916999999984,"failureMessages":[],"meta":{}},{"ancestorTitles":["ThemeContext"],"fullName":"ThemeContext persists theme to localStorage","status":"passed","title":"persists theme to localStorage","duration":1.769166000000041,"failureMessages":[],"meta":{}},{"ancestorTitles":["ThemeContext"],"fullName":"ThemeContext loads theme from localStorage on mount","status":"passed","title":"loads theme from localStorage on mount","duration":1.240083000000027,"failureMessages":[],"meta":{}}],"startTime":1768752966839,"endTime":1768752966866.24,"status":"passed","message":"","name":"/Users/hayashiryosuke/gemini/vertebra/vertebra/src/contexts/ThemeContext.test.tsx"},{"assertionResults":[{"ancestorTitles":["Debounced History Push"],"fullName":"Debounced History Push should debounce history pushes","status":"passed","title":"should debounce history pushes","duration":10.763249999999971,"failureMessages":[],"meta":{}},{"ancestorTitles":["Debounced History Push"],"fullName":"Debounced History Push should reset debounce timer on rapid changes","status":"passed","title":"should reset debounce timer on rapid changes","duration":1.7464169999999513,"failureMessages":[],"meta":{}},{"ancestorTitles":["Debounced History Push"],"fullName":"Debounced History Push should allow multiple history entries with sufficient delays","status":"passed","title":"should allow multiple history entries with sufficient delays","duration":1.3972080000000915,"failureMessages":[],"meta":{}}],"startTime":1768752966883,"endTime":1768752966897.3972,"status":"passed","message":"","name":"/Users/hayashiryosuke/gemini/vertebra/vertebra/src/hooks/useDebounce.test.tsx"},{"assertionResults":[{"ancestorTitles":["useFontSize","initialization"],"fullName":"useFontSize initialization should initialize with default font size (14px)","status":"failed","title":"should initialize with default font size (14px)","duration":13.200333,"failureMessages":["AssertionError: expected 16 to be 14 // Object.is equality\n    at /Users/hayashiryosuke/gemini/vertebra/vertebra/src/hooks/useFontSize.test.ts:14:45\n    at file:///Users/hayashiryosuke/gemini/vertebra/vertebra/node_modules/@vitest/runner/dist/index.js:145:11\n    at file:///Users/hayashiryosuke/gemini/vertebra/vertebra/node_modules/@vitest/runner/dist/index.js:915:26\n    at file:///Users/hayashiryosuke/gemini/vertebra/vertebra/node_modules/@vitest/runner/dist/index.js:1243:20\n    at new Promise (<anonymous>)\n    at runWithTimeout (file:///Users/hayashiryosuke/gemini/vertebra/vertebra/node_modules/@vitest/runner/dist/index.js:1209:10)\n    at file:///Users/hayashiryosuke/gemini/vertebra/vertebra/node_modules/@vitest/runner/dist/index.js:1653:37\n    at Traces.$ (file:///Users/hayashiryosuke/gemini/vertebra/vertebra/node_modules/vitest/dist/chunks/traces.CCmnQaNT.js:142:27)\n    at trace (file:///Users/hayashiryosuke/gemini/vertebra/vertebra/node_modules/vitest/dist/chunks/test.B8ej_ZHS.js:239:21)\n    at runTest (file:///Users/hayashiryosuke/gemini/vertebra/vertebra/node_modules/@vitest/runner/dist/index.js:1653:12)"],"meta":{}},{"ancestorTitles":["useFontSize","initialization"],"fullName":"useFontSize initialization should restore font size from localStorage","status":"passed","title":"should restore font size from localStorage","duration":1.104916000000003,"failureMessages":[],"meta":{}},{"ancestorTitles":["useFontSize","initialization"],"fullName":"useFontSize initialization should use default if localStorage has invalid value","status":"failed","title":"should use default if localStorage has invalid value","duration":1.3781659999999647,"failureMessages":["AssertionError: expected 16 to be 14 // Object.is equality\n    at /Users/hayashiryosuke/gemini/vertebra/vertebra/src/hooks/useFontSize.test.ts:26:45\n    at file:///Users/hayashiryosuke/gemini/vertebra/vertebra/node_modules/@vitest/runner/dist/index.js:145:11\n    at file:///Users/hayashiryosuke/gemini/vertebra/vertebra/node_modules/@vitest/runner/dist/index.js:915:26\n    at file:///Users/hayashiryosuke/gemini/vertebra/vertebra/node_modules/@vitest/runner/dist/index.js:1243:20\n    at new Promise (<anonymous>)\n    at runWithTimeout (file:///Users/hayashiryosuke/gemini/vertebra/vertebra/node_modules/@vitest/runner/dist/index.js:1209:10)\n    at file:///Users/hayashiryosuke/gemini/vertebra/vertebra/node_modules/@vitest/runner/dist/index.js:1653:37\n    at Traces.$ (file:///Users/hayashiryosuke/gemini/vertebra/vertebra/node_modules/vitest/dist/chunks/traces.CCmnQaNT.js:142:27)\n    at trace (file:///Users/hayashiryosuke/gemini/vertebra/vertebra/node_modules/vitest/dist/chunks/test.B8ej_ZHS.js:239:21)\n    at runTest (file:///Users/hayashiryosuke/gemini/vertebra/vertebra/node_modules/@vitest/runner/dist/index.js:1653:12)"],"meta":{}},{"ancestorTitles":["useFontSize","initialization"],"fullName":"useFontSize initialization should apply initial font size to CSS variable","status":"failed","title":"should apply initial font size to CSS variable","duration":1.633874999999989,"failureMessages":["AssertionError: expected '16px' to be '14px' // Object.is equality\n    at /Users/hayashiryosuke/gemini/vertebra/vertebra/src/hooks/useFontSize.test.ts:31:89\n    at file:///Users/hayashiryosuke/gemini/vertebra/vertebra/node_modules/@vitest/runner/dist/index.js:145:11\n    at file:///Users/hayashiryosuke/gemini/vertebra/vertebra/node_modules/@vitest/runner/dist/index.js:915:26\n    at file:///Users/hayashiryosuke/gemini/vertebra/vertebra/node_modules/@vitest/runner/dist/index.js:1243:20\n    at new Promise (<anonymous>)\n    at runWithTimeout (file:///Users/hayashiryosuke/gemini/vertebra/vertebra/node_modules/@vitest/runner/dist/index.js:1209:10)\n    at file:///Users/hayashiryosuke/gemini/vertebra/vertebra/node_modules/@vitest/runner/dist/index.js:1653:37\n    at Traces.$ (file:///Users/hayashiryosuke/gemini/vertebra/vertebra/node_modules/vitest/dist/chunks/traces.CCmnQaNT.js:142:27)\n    at trace (file:///Users/hayashiryosuke/gemini/vertebra/vertebra/node_modules/vitest/dist/chunks/test.B8ej_ZHS.js:239:21)\n    at runTest (file:///Users/hayashiryosuke/gemini/vertebra/vertebra/node_modules/@vitest/runner/dist/index.js:1653:12)"],"meta":{}},{"ancestorTitles":["useFontSize","zoomIn"],"fullName":"useFontSize zoomIn should increase font size by 1","status":"failed","title":"should increase font size by 1","duration":1.7558749999999463,"failureMessages":["AssertionError: expected 17 to be 15 // Object.is equality\n    at /Users/hayashiryosuke/gemini/vertebra/vertebra/src/hooks/useFontSize.test.ts:43:45\n    at file:///Users/hayashiryosuke/gemini/vertebra/vertebra/node_modules/@vitest/runner/dist/index.js:145:11\n    at file:///Users/hayashiryosuke/gemini/vertebra/vertebra/node_modules/@vitest/runner/dist/index.js:915:26\n    at file:///Users/hayashiryosuke/gemini/vertebra/vertebra/node_modules/@vitest/runner/dist/index.js:1243:20\n    at new Promise (<anonymous>)\n    at runWithTimeout (file:///Users/hayashiryosuke/gemini/vertebra/vertebra/node_modules/@vitest/runner/dist/index.js:1209:10)\n    at file:///Users/hayashiryosuke/gemini/vertebra/vertebra/node_modules/@vitest/runner/dist/index.js:1653:37\n    at Traces.$ (file:///Users/hayashiryosuke/gemini/vertebra/vertebra/node_modules/vitest/dist/chunks/traces.CCmnQaNT.js:142:27)\n    at trace (file:///Users/hayashiryosuke/gemini/vertebra/vertebra/node_modules/vitest/dist/chunks/test.B8ej_ZHS.js:239:21)\n    at runTest (file:///Users/hayashiryosuke/gemini/vertebra/vertebra/node_modules/@vitest/runner/dist/index.js:1653:12)"],"meta":{}},{"ancestorTitles":["useFontSize","zoomIn"],"fullName":"useFontSize zoomIn should not exceed maximum font size (24px)","status":"passed","title":"should not exceed maximum font size (24px)","duration":0.7175829999999905,"failureMessages":[],"meta":{}},{"ancestorTitles":["useFontSize","zoomIn"],"fullName":"useFontSize zoomIn should update CSS variable after zoom in","status":"failed","title":"should update CSS variable after zoom in","duration":2.6251660000000356,"failureMessages":["AssertionError: expected '17px' to be '15px' // Object.is equality\n    at /Users/hayashiryosuke/gemini/vertebra/vertebra/src/hooks/useFontSize.test.ts:64:89\n    at file:///Users/hayashiryosuke/gemini/vertebra/vertebra/node_modules/@vitest/runner/dist/index.js:145:11\n    at file:///Users/hayashiryosuke/gemini/vertebra/vertebra/node_modules/@vitest/runner/dist/index.js:915:26\n    at file:///Users/hayashiryosuke/gemini/vertebra/vertebra/node_modules/@vitest/runner/dist/index.js:1243:20\n    at new Promise (<anonymous>)\n    at runWithTimeout (file:///Users/hayashiryosuke/gemini/vertebra/vertebra/node_modules/@vitest/runner/dist/index.js:1209:10)\n    at file:///Users/hayashiryosuke/gemini/vertebra/vertebra/node_modules/@vitest/runner/dist/index.js:1653:37\n    at Traces.$ (file:///Users/hayashiryosuke/gemini/vertebra/vertebra/node_modules/vitest/dist/chunks/traces.CCmnQaNT.js:142:27)\n    at trace (file:///Users/hayashiryosuke/gemini/vertebra/vertebra/node_modules/vitest/dist/chunks/test.B8ej_ZHS.js:239:21)\n    at runTest (file:///Users/hayashiryosuke/gemini/vertebra/vertebra/node_modules/@vitest/runner/dist/index.js:1653:12)"],"meta":{}},{"ancestorTitles":["useFontSize","zoomIn"],"fullName":"useFontSize zoomIn should persist to localStorage after zoom in","status":"failed","title":"should persist to localStorage after zoom in","duration":5.557458999999994,"failureMessages":["AssertionError: expected '17' to be '15' // Object.is equality\n    at /Users/hayashiryosuke/gemini/vertebra/vertebra/src/hooks/useFontSize.test.ts:74:58\n    at file:///Users/hayashiryosuke/gemini/vertebra/vertebra/node_modules/@vitest/runner/dist/index.js:145:11\n    at file:///Users/hayashiryosuke/gemini/vertebra/vertebra/node_modules/@vitest/runner/dist/index.js:915:26\n    at file:///Users/hayashiryosuke/gemini/vertebra/vertebra/node_modules/@vitest/runner/dist/index.js:1243:20\n    at new Promise (<anonymous>)\n    at runWithTimeout (file:///Users/hayashiryosuke/gemini/vertebra/vertebra/node_modules/@vitest/runner/dist/index.js:1209:10)\n    at file:///Users/hayashiryosuke/gemini/vertebra/vertebra/node_modules/@vitest/runner/dist/index.js:1653:37\n    at Traces.$ (file:///Users/hayashiryosuke/gemini/vertebra/vertebra/node_modules/vitest/dist/chunks/traces.CCmnQaNT.js:142:27)\n    at trace (file:///Users/hayashiryosuke/gemini/vertebra/vertebra/node_modules/vitest/dist/chunks/test.B8ej_ZHS.js:239:21)\n    at runTest (file:///Users/hayashiryosuke/gemini/vertebra/vertebra/node_modules/@vitest/runner/dist/index.js:1653:12)"],"meta":{}},{"ancestorTitles":["useFontSize","zoomOut"],"fullName":"useFontSize zoomOut should decrease font size by 1","status":"failed","title":"should decrease font size by 1","duration":1.1154170000000931,"failureMessages":["AssertionError: expected 15 to be 13 // Object.is equality\n    at /Users/hayashiryosuke/gemini/vertebra/vertebra/src/hooks/useFontSize.test.ts:86:45\n    at file:///Users/hayashiryosuke/gemini/vertebra/vertebra/node_modules/@vitest/runner/dist/index.js:145:11\n    at file:///Users/hayashiryosuke/gemini/vertebra/vertebra/node_modules/@vitest/runner/dist/index.js:915:26\n    at file:///Users/hayashiryosuke/gemini/vertebra/vertebra/node_modules/@vitest/runner/dist/index.js:1243:20\n    at new Promise (<anonymous>)\n    at runWithTimeout (file:///Users/hayashiryosuke/gemini/vertebra/vertebra/node_modules/@vitest/runner/dist/index.js:1209:10)\n    at file:///Users/hayashiryosuke/gemini/vertebra/vertebra/node_modules/@vitest/runner/dist/index.js:1653:37\n    at Traces.$ (file:///Users/hayashiryosuke/gemini/vertebra/vertebra/node_modules/vitest/dist/chunks/traces.CCmnQaNT.js:142:27)\n    at trace (file:///Users/hayashiryosuke/gemini/vertebra/vertebra/node_modules/vitest/dist/chunks/test.B8ej_ZHS.js:239:21)\n    at runTest (file:///Users/hayashiryosuke/gemini/vertebra/vertebra/node_modules/@vitest/runner/dist/index.js:1653:12)"],"meta":{}},{"ancestorTitles":["useFontSize","zoomOut"],"fullName":"useFontSize zoomOut should not go below minimum font size (10px)","status":"passed","title":"should not go below minimum font size (10px)","duration":2.9862079999999196,"failureMessages":[],"meta":{}},{"ancestorTitles":["useFontSize","zoomOut"],"fullName":"useFontSize zoomOut should update CSS variable after zoom out","status":"failed","title":"should update CSS variable after zoom out","duration":8.342084,"failureMessages":["AssertionError: expected '15px' to be '13px' // Object.is equality\n    at /Users/hayashiryosuke/gemini/vertebra/vertebra/src/hooks/useFontSize.test.ts:107:89\n    at file:///Users/hayashiryosuke/gemini/vertebra/vertebra/node_modules/@vitest/runner/dist/index.js:145:11\n    at file:///Users/hayashiryosuke/gemini/vertebra/vertebra/node_modules/@vitest/runner/dist/index.js:915:26\n    at file:///Users/hayashiryosuke/gemini/vertebra/vertebra/node_modules/@vitest/runner/dist/index.js:1243:20\n    at new Promise (<anonymous>)\n    at runWithTimeout (file:///Users/hayashiryosuke/gemini/vertebra/vertebra/node_modules/@vitest/runner/dist/index.js:1209:10)\n    at file:///Users/hayashiryosuke/gemini/vertebra/vertebra/node_modules/@vitest/runner/dist/index.js:1653:37\n    at Traces.$ (file:///Users/hayashiryosuke/gemini/vertebra/vertebra/node_modules/vitest/dist/chunks/traces.CCmnQaNT.js:142:27)\n    at trace (file:///Users/hayashiryosuke/gemini/vertebra/vertebra/node_modules/vitest/dist/chunks/test.B8ej_ZHS.js:239:21)\n    at runTest (file:///Users/hayashiryosuke/gemini/vertebra/vertebra/node_modules/@vitest/runner/dist/index.js:1653:12)"],"meta":{}},{"ancestorTitles":["useFontSize","zoomOut"],"fullName":"useFontSize zoomOut should persist to localStorage after zoom out","status":"failed","title":"should persist to localStorage after zoom out","duration":2.899667000000022,"failureMessages":["AssertionError: expected '15' to be '13' // Object.is equality\n    at /Users/hayashiryosuke/gemini/vertebra/vertebra/src/hooks/useFontSize.test.ts:117:58\n    at file:///Users/hayashiryosuke/gemini/vertebra/vertebra/node_modules/@vitest/runner/dist/index.js:145:11\n    at file:///Users/hayashiryosuke/gemini/vertebra/vertebra/node_modules/@vitest/runner/dist/index.js:915:26\n    at file:///Users/hayashiryosuke/gemini/vertebra/vertebra/node_modules/@vitest/runner/dist/index.js:1243:20\n    at new Promise (<anonymous>)\n    at runWithTimeout (file:///Users/hayashiryosuke/gemini/vertebra/vertebra/node_modules/@vitest/runner/dist/index.js:1209:10)\n    at file:///Users/hayashiryosuke/gemini/vertebra/vertebra/node_modules/@vitest/runner/dist/index.js:1653:37\n    at Traces.$ (file:///Users/hayashiryosuke/gemini/vertebra/vertebra/node_modules/vitest/dist/chunks/traces.CCmnQaNT.js:142:27)\n    at trace (file:///Users/hayashiryosuke/gemini/vertebra/vertebra/node_modules/vitest/dist/chunks/test.B8ej_ZHS.js:239:21)\n    at runTest (file:///Users/hayashiryosuke/gemini/vertebra/vertebra/node_modules/@vitest/runner/dist/index.js:1653:12)"],"meta":{}},{"ancestorTitles":["useFontSize","resetZoom"],"fullName":"useFontSize resetZoom should reset font size to default (14px)","status":"failed","title":"should reset font size to default (14px)","duration":0.8215830000000324,"failureMessages":["AssertionError: expected 16 to be 14 // Object.is equality\n    at /Users/hayashiryosuke/gemini/vertebra/vertebra/src/hooks/useFontSize.test.ts:130:45\n    at file:///Users/hayashiryosuke/gemini/vertebra/vertebra/node_modules/@vitest/runner/dist/index.js:145:11\n    at file:///Users/hayashiryosuke/gemini/vertebra/vertebra/node_modules/@vitest/runner/dist/index.js:915:26\n    at file:///Users/hayashiryosuke/gemini/vertebra/vertebra/node_modules/@vitest/runner/dist/index.js:1243:20\n    at new Promise (<anonymous>)\n    at runWithTimeout (file:///Users/hayashiryosuke/gemini/vertebra/vertebra/node_modules/@vitest/runner/dist/index.js:1209:10)\n    at file:///Users/hayashiryosuke/gemini/vertebra/vertebra/node_modules/@vitest/runner/dist/index.js:1653:37\n    at Traces.$ (file:///Users/hayashiryosuke/gemini/vertebra/vertebra/node_modules/vitest/dist/chunks/traces.CCmnQaNT.js:142:27)\n    at trace (file:///Users/hayashiryosuke/gemini/vertebra/vertebra/node_modules/vitest/dist/chunks/test.B8ej_ZHS.js:239:21)\n    at runTest (file:///Users/hayashiryosuke/gemini/vertebra/vertebra/node_modules/@vitest/runner/dist/index.js:1653:12)"],"meta":{}},{"ancestorTitles":["useFontSize","resetZoom"],"fullName":"useFontSize resetZoom should update CSS variable after reset","status":"failed","title":"should update CSS variable after reset","duration":0.6677079999999478,"failureMessages":["AssertionError: expected '16px' to be '14px' // Object.is equality\n    at /Users/hayashiryosuke/gemini/vertebra/vertebra/src/hooks/useFontSize.test.ts:141:89\n    at file:///Users/hayashiryosuke/gemini/vertebra/vertebra/node_modules/@vitest/runner/dist/index.js:145:11\n    at file:///Users/hayashiryosuke/gemini/vertebra/vertebra/node_modules/@vitest/runner/dist/index.js:915:26\n    at file:///Users/hayashiryosuke/gemini/vertebra/vertebra/node_modules/@vitest/runner/dist/index.js:1243:20\n    at new Promise (<anonymous>)\n    at runWithTimeout (file:///Users/hayashiryosuke/gemini/vertebra/vertebra/node_modules/@vitest/runner/dist/index.js:1209:10)\n    at file:///Users/hayashiryosuke/gemini/vertebra/vertebra/node_modules/@vitest/runner/dist/index.js:1653:37\n    at Traces.$ (file:///Users/hayashiryosuke/gemini/vertebra/vertebra/node_modules/vitest/dist/chunks/traces.CCmnQaNT.js:142:27)\n    at trace (file:///Users/hayashiryosuke/gemini/vertebra/vertebra/node_modules/vitest/dist/chunks/test.B8ej_ZHS.js:239:21)\n    at runTest (file:///Users/hayashiryosuke/gemini/vertebra/vertebra/node_modules/@vitest/runner/dist/index.js:1653:12)"],"meta":{}},{"ancestorTitles":["useFontSize","resetZoom"],"fullName":"useFontSize resetZoom should persist to localStorage after reset","status":"failed","title":"should persist to localStorage after reset","duration":0.6307080000000269,"failureMessages":["AssertionError: expected '16' to be '14' // Object.is equality\n    at /Users/hayashiryosuke/gemini/vertebra/vertebra/src/hooks/useFontSize.test.ts:152:58\n    at file:///Users/hayashiryosuke/gemini/vertebra/vertebra/node_modules/@vitest/runner/dist/index.js:145:11\n    at file:///Users/hayashiryosuke/gemini/vertebra/vertebra/node_modules/@vitest/runner/dist/index.js:915:26\n    at file:///Users/hayashiryosuke/gemini/vertebra/vertebra/node_modules/@vitest/runner/dist/index.js:1243:20\n    at new Promise (<anonymous>)\n    at runWithTimeout (file:///Users/hayashiryosuke/gemini/vertebra/vertebra/node_modules/@vitest/runner/dist/index.js:1209:10)\n    at file:///Users/hayashiryosuke/gemini/vertebra/vertebra/node_modules/@vitest/runner/dist/index.js:1653:37\n    at Traces.$ (file:///Users/hayashiryosuke/gemini/vertebra/vertebra/node_modules/vitest/dist/chunks/traces.CCmnQaNT.js:142:27)\n    at trace (file:///Users/hayashiryosuke/gemini/vertebra/vertebra/node_modules/vitest/dist/chunks/test.B8ej_ZHS.js:239:21)\n    at runTest (file:///Users/hayashiryosuke/gemini/vertebra/vertebra/node_modules/@vitest/runner/dist/index.js:1653:12)"],"meta":{}},{"ancestorTitles":["useFontSize","edge cases"],"fullName":"useFontSize edge cases should handle multiple zoom in operations","status":"failed","title":"should handle multiple zoom in operations","duration":0.6187499999999773,"failureMessages":["AssertionError: expected 19 to be 17 // Object.is equality\n    at /Users/hayashiryosuke/gemini/vertebra/vertebra/src/hooks/useFontSize.test.ts:166:45\n    at file:///Users/hayashiryosuke/gemini/vertebra/vertebra/node_modules/@vitest/runner/dist/index.js:145:11\n    at file:///Users/hayashiryosuke/gemini/vertebra/vertebra/node_modules/@vitest/runner/dist/index.js:915:26\n    at file:///Users/hayashiryosuke/gemini/vertebra/vertebra/node_modules/@vitest/runner/dist/index.js:1243:20\n    at new Promise (<anonymous>)\n    at runWithTimeout (file:///Users/hayashiryosuke/gemini/vertebra/vertebra/node_modules/@vitest/runner/dist/index.js:1209:10)\n    at file:///Users/hayashiryosuke/gemini/vertebra/vertebra/node_modules/@vitest/runner/dist/index.js:1653:37\n    at Traces.$ (file:///Users/hayashiryosuke/gemini/vertebra/vertebra/node_modules/vitest/dist/chunks/traces.CCmnQaNT.js:142:27)\n    at trace (file:///Users/hayashiryosuke/gemini/vertebra/vertebra/node_modules/vitest/dist/chunks/test.B8ej_ZHS.js:239:21)\n    at runTest (file:///Users/hayashiryosuke/gemini/vertebra/vertebra/node_modules/@vitest/runner/dist/index.js:1653:12)"],"meta":{}},{"ancestorTitles":["useFontSize","edge cases"],"fullName":"useFontSize edge cases should handle multiple zoom out operations","status":"failed","title":"should handle multiple zoom out operations","duration":0.6195830000000342,"failureMessages":["AssertionError: expected 13 to be 11 // Object.is equality\n    at /Users/hayashiryosuke/gemini/vertebra/vertebra/src/hooks/useFontSize.test.ts:178:45\n    at file:///Users/hayashiryosuke/gemini/vertebra/vertebra/node_modules/@vitest/runner/dist/index.js:145:11\n    at file:///Users/hayashiryosuke/gemini/vertebra/vertebra/node_modules/@vitest/runner/dist/index.js:915:26\n    at file:///Users/hayashiryosuke/gemini/vertebra/vertebra/node_modules/@vitest/runner/dist/index.js:1243:20\n    at new Promise (<anonymous>)\n    at runWithTimeout (file:///Users/hayashiryosuke/gemini/vertebra/vertebra/node_modules/@vitest/runner/dist/index.js:1209:10)\n    at file:///Users/hayashiryosuke/gemini/vertebra/vertebra/node_modules/@vitest/runner/dist/index.js:1653:37\n    at Traces.$ (file:///Users/hayashiryosuke/gemini/vertebra/vertebra/node_modules/vitest/dist/chunks/traces.CCmnQaNT.js:142:27)\n    at trace (file:///Users/hayashiryosuke/gemini/vertebra/vertebra/node_modules/vitest/dist/chunks/test.B8ej_ZHS.js:239:21)\n    at runTest (file:///Users/hayashiryosuke/gemini/vertebra/vertebra/node_modules/@vitest/runner/dist/index.js:1653:12)"],"meta":{}},{"ancestorTitles":["useFontSize","edge cases"],"fullName":"useFontSize edge cases should handle zoom in and out combinations","status":"failed","title":"should handle zoom in and out combinations","duration":0.6459579999999505,"failureMessages":["AssertionError: expected 17 to be 15 // Object.is equality\n    at /Users/hayashiryosuke/gemini/vertebra/vertebra/src/hooks/useFontSize.test.ts:190:45\n    at file:///Users/hayashiryosuke/gemini/vertebra/vertebra/node_modules/@vitest/runner/dist/index.js:145:11\n    at file:///Users/hayashiryosuke/gemini/vertebra/vertebra/node_modules/@vitest/runner/dist/index.js:915:26\n    at file:///Users/hayashiryosuke/gemini/vertebra/vertebra/node_modules/@vitest/runner/dist/index.js:1243:20\n    at new Promise (<anonymous>)\n    at runWithTimeout (file:///Users/hayashiryosuke/gemini/vertebra/vertebra/node_modules/@vitest/runner/dist/index.js:1209:10)\n    at file:///Users/hayashiryosuke/gemini/vertebra/vertebra/node_modules/@vitest/runner/dist/index.js:1653:37\n    at Traces.$ (file:///Users/hayashiryosuke/gemini/vertebra/vertebra/node_modules/vitest/dist/chunks/traces.CCmnQaNT.js:142:27)\n    at trace (file:///Users/hayashiryosuke/gemini/vertebra/vertebra/node_modules/vitest/dist/chunks/test.B8ej_ZHS.js:239:21)\n    at runTest (file:///Users/hayashiryosuke/gemini/vertebra/vertebra/node_modules/@vitest/runner/dist/index.js:1653:12)"],"meta":{}}],"startTime":1768752966714,"endTime":1768752966761.646,"status":"failed","message":"","name":"/Users/hayashiryosuke/gemini/vertebra/vertebra/src/hooks/useFontSize.test.ts"},{"assertionResults":[{"ancestorTitles":["useSidebarResize","initialization"],"fullName":"useSidebarResize initialization should initialize with default width (240px)","status":"passed","title":"should initialize with default width (240px)","duration":8.414457999999968,"failureMessages":[],"meta":{}},{"ancestorTitles":["useSidebarResize","initialization"],"fullName":"useSidebarResize initialization should restore width from localStorage","status":"passed","title":"should restore width from localStorage","duration":0.9855830000000196,"failureMessages":[],"meta":{}},{"ancestorTitles":["useSidebarResize","initialization"],"fullName":"useSidebarResize initialization should use default if localStorage has invalid value","status":"passed","title":"should use default if localStorage has invalid value","duration":0.881584000000089,"failureMessages":[],"meta":{}},{"ancestorTitles":["useSidebarResize","initialization"],"fullName":"useSidebarResize initialization should initialize with isResizing as false","status":"passed","title":"should initialize with isResizing as false","duration":0.8154579999999214,"failureMessages":[],"meta":{}},{"ancestorTitles":["useSidebarResize","initialization"],"fullName":"useSidebarResize initialization should persist initial width to localStorage","status":"passed","title":"should persist initial width to localStorage","duration":0.9254580000000487,"failureMessages":[],"meta":{}},{"ancestorTitles":["useSidebarResize","startResizing"],"fullName":"useSidebarResize startResizing should set isResizing to true","status":"passed","title":"should set isResizing to true","duration":3.0625420000000076,"failureMessages":[],"meta":{}},{"ancestorTitles":["useSidebarResize","startResizing"],"fullName":"useSidebarResize startResizing should add event listeners when resizing starts","status":"passed","title":"should add event listeners when resizing starts","duration":2.302250000000072,"failureMessages":[],"meta":{}},{"ancestorTitles":["useSidebarResize","resize behavior"],"fullName":"useSidebarResize resize behavior should update width on mousemove when resizing","status":"passed","title":"should update width on mousemove when resizing","duration":3.2895829999999933,"failureMessages":[],"meta":{}},{"ancestorTitles":["useSidebarResize","resize behavior"],"fullName":"useSidebarResize resize behavior should enforce minimum width (150px)","status":"passed","title":"should enforce minimum width (150px)","duration":0.8068339999999807,"failureMessages":[],"meta":{}},{"ancestorTitles":["useSidebarResize","resize behavior"],"fullName":"useSidebarResize resize behavior should enforce maximum width (600px)","status":"passed","title":"should enforce maximum width (600px)","duration":0.6894999999999527,"failureMessages":[],"meta":{}},{"ancestorTitles":["useSidebarResize","resize behavior"],"fullName":"useSidebarResize resize behavior should not update width when not resizing","status":"passed","title":"should not update width when not resizing","duration":0.47620900000003985,"failureMessages":[],"meta":{}},{"ancestorTitles":["useSidebarResize","resize behavior"],"fullName":"useSidebarResize resize behavior should persist width changes to localStorage","status":"passed","title":"should persist width changes to localStorage","duration":0.5658329999999978,"failureMessages":[],"meta":{}},{"ancestorTitles":["useSidebarResize","stopResizing"],"fullName":"useSidebarResize stopResizing should set isResizing to false on mouseup","status":"passed","title":"should set isResizing to false on mouseup","duration":0.5231659999999465,"failureMessages":[],"meta":{}},{"ancestorTitles":["useSidebarResize","stopResizing"],"fullName":"useSidebarResize stopResizing should remove event listeners when resizing stops","status":"passed","title":"should remove event listeners when resizing stops","duration":0.7600419999999986,"failureMessages":[],"meta":{}},{"ancestorTitles":["useSidebarResize","cleanup"],"fullName":"useSidebarResize cleanup should remove event listeners on unmount","status":"passed","title":"should remove event listeners on unmount","duration":0.5998339999999871,"failureMessages":[],"meta":{}},{"ancestorTitles":["useSidebarResize","edge cases"],"fullName":"useSidebarResize edge cases should handle rapid resize operations","status":"passed","title":"should handle rapid resize operations","duration":0.5718749999999773,"failureMessages":[],"meta":{}},{"ancestorTitles":["useSidebarResize","edge cases"],"fullName":"useSidebarResize edge cases should handle resize at exact minimum boundary","status":"passed","title":"should handle resize at exact minimum boundary","duration":0.4549579999999196,"failureMessages":[],"meta":{}},{"ancestorTitles":["useSidebarResize","edge cases"],"fullName":"useSidebarResize edge cases should handle resize at exact maximum boundary","status":"passed","title":"should handle resize at exact maximum boundary","duration":0.5004579999999805,"failureMessages":[],"meta":{}}],"startTime":1768752966741,"endTime":1768752966767.5005,"status":"passed","message":"","name":"/Users/hayashiryosuke/gemini/vertebra/vertebra/src/hooks/useSidebarResize.test.ts"},{"assertionResults":[{"ancestorTitles":["useSplitView","initial state"],"fullName":"useSplitView initial state should initialize with split view disabled by default","status":"passed","title":"should initialize with split view disabled by default","duration":8.558874999999944,"failureMessages":[],"meta":{}},{"ancestorTitles":["useSplitView","initial state"],"fullName":"useSplitView initial state should restore split view state from localStorage","status":"passed","title":"should restore split view state from localStorage","duration":1.0318750000000136,"failureMessages":[],"meta":{}},{"ancestorTitles":["useSplitView","initial state"],"fullName":"useSplitView initial state should default to primary pane if localStorage has invalid value","status":"passed","title":"should default to primary pane if localStorage has invalid value","duration":0.8332909999999174,"failureMessages":[],"meta":{}},{"ancestorTitles":["useSplitView","toggleSplitView"],"fullName":"useSplitView toggleSplitView should toggle split view state","status":"passed","title":"should toggle split view state","duration":1.606916999999953,"failureMessages":[],"meta":{}},{"ancestorTitles":["useSplitView","openInSecondaryPane"],"fullName":"useSplitView openInSecondaryPane should set secondary node id and active pane","status":"passed","title":"should set secondary node id and active pane","duration":1.0411250000000791,"failureMessages":[],"meta":{}},{"ancestorTitles":["useSplitView","openInSecondaryPane"],"fullName":"useSplitView openInSecondaryPane should enable split view if not already enabled","status":"passed","title":"should enable split view if not already enabled","duration":0.8726659999999811,"failureMessages":[],"meta":{}},{"ancestorTitles":["useSplitView","openInSecondaryPane"],"fullName":"useSplitView openInSecondaryPane should keep split view enabled if already enabled","status":"passed","title":"should keep split view enabled if already enabled","duration":0.7237920000000031,"failureMessages":[],"meta":{}},{"ancestorTitles":["useSplitView","closeSplitView"],"fullName":"useSplitView closeSplitView should disable split view and clear secondary node","status":"passed","title":"should disable split view and clear secondary node","duration":0.8242910000000165,"failureMessages":[],"meta":{}},{"ancestorTitles":["useSplitView","localStorage persistence"],"fullName":"useSplitView localStorage persistence should persist split view state to localStorage","status":"passed","title":"should persist split view state to localStorage","duration":0.5866249999999127,"failureMessages":[],"meta":{}},{"ancestorTitles":["useSplitView","localStorage persistence"],"fullName":"useSplitView localStorage persistence should persist active pane to localStorage","status":"passed","title":"should persist active pane to localStorage","duration":0.5725830000000087,"failureMessages":[],"meta":{}},{"ancestorTitles":["useSplitView","localStorage persistence"],"fullName":"useSplitView localStorage persistence should persist secondary node text to localStorage","status":"passed","title":"should persist secondary node text to localStorage","duration":0.5004169999999704,"failureMessages":[],"meta":{}},{"ancestorTitles":["useSplitView","localStorage persistence"],"fullName":"useSplitView localStorage persistence should remove secondary node text when cleared","status":"passed","title":"should remove secondary node text when cleared","duration":0.47175000000004275,"failureMessages":[],"meta":{}},{"ancestorTitles":["useSplitView","secondaryNodeId validation"],"fullName":"useSplitView secondaryNodeId validation should reset to first node if secondary node no longer exists","status":"passed","title":"should reset to first node if secondary node no longer exists","duration":0.5938750000000255,"failureMessages":[],"meta":{}},{"ancestorTitles":["useSplitView","secondaryNodeId validation"],"fullName":"useSplitView secondaryNodeId validation should not reset if secondary node still exists","status":"passed","title":"should not reset if secondary node still exists","duration":0.45758299999999963,"failureMessages":[],"meta":{}},{"ancestorTitles":["useSplitView","secondaryNodeId validation"],"fullName":"useSplitView secondaryNodeId validation should not validate if split view is disabled","status":"passed","title":"should not validate if split view is disabled","duration":0.44383400000003803,"failureMessages":[],"meta":{}},{"ancestorTitles":["useSplitView","setters"],"fullName":"useSplitView setters should allow direct setting of isSplitView","status":"passed","title":"should allow direct setting of isSplitView","duration":0.3440420000000586,"failureMessages":[],"meta":{}},{"ancestorTitles":["useSplitView","setters"],"fullName":"useSplitView setters should allow direct setting of secondaryNodeId","status":"passed","title":"should allow direct setting of secondaryNodeId","duration":0.345957999999996,"failureMessages":[],"meta":{}},{"ancestorTitles":["useSplitView","setters"],"fullName":"useSplitView setters should allow direct setting of activePane","status":"passed","title":"should allow direct setting of activePane","duration":0.42554199999995035,"failureMessages":[],"meta":{}}],"startTime":1768752966736,"endTime":1768752966756.4255,"status":"passed","message":"","name":"/Users/hayashiryosuke/gemini/vertebra/vertebra/src/hooks/useSplitView.test.ts"},{"assertionResults":[{"ancestorTitles":["useUndoRedo","pushHistory"],"fullName":"useUndoRedo pushHistory should push current outline to undo stack and enable undo","status":"passed","title":"should push current outline to undo stack and enable undo","duration":18.521624999999972,"failureMessages":[],"meta":{}},{"ancestorTitles":["useUndoRedo","pushHistory"],"fullName":"useUndoRedo pushHistory should not push if outline is undefined","status":"passed","title":"should not push if outline is undefined","duration":1.1660000000000537,"failureMessages":[],"meta":{}},{"ancestorTitles":["useUndoRedo","pushHistory"],"fullName":"useUndoRedo pushHistory should clear redo stack on new action","status":"passed","title":"should clear redo stack on new action","duration":1.4539159999999356,"failureMessages":[],"meta":{}},{"ancestorTitles":["useUndoRedo","pushHistory"],"fullName":"useUndoRedo pushHistory should limit history to MAX_HISTORY (50) entries","status":"passed","title":"should limit history to MAX_HISTORY (50) entries","duration":4.7632919999999785,"failureMessages":[],"meta":{}},{"ancestorTitles":["useUndoRedo","handleUndo"],"fullName":"useUndoRedo handleUndo should restore previous outline state","status":"passed","title":"should restore previous outline state","duration":1.5334169999999858,"failureMessages":[],"meta":{}},{"ancestorTitles":["useUndoRedo","handleUndo"],"fullName":"useUndoRedo handleUndo should do nothing if undo stack is empty","status":"passed","title":"should do nothing if undo stack is empty","duration":0.7263339999999516,"failureMessages":[],"meta":{}},{"ancestorTitles":["useUndoRedo","handleUndo"],"fullName":"useUndoRedo handleUndo should do nothing if outline is undefined","status":"passed","title":"should do nothing if outline is undefined","duration":0.5485419999999976,"failureMessages":[],"meta":{}},{"ancestorTitles":["useUndoRedo","handleUndo"],"fullName":"useUndoRedo handleUndo should push current state to redo stack on undo","status":"passed","title":"should push current state to redo stack on undo","duration":1.617458000000056,"failur
[...]
 roundtrip","duration":0.061458000000016,"failureMessages":[],"meta":{}},{"ancestorTitles":["parseMarkdownToOutline and outlineToMarkdown roundtrip"],"fullName":"parseMarkdownToOutline and outlineToMarkdown roundtrip should preserve nested lists through roundtrip","status":"passed","title":"should preserve nested lists through roundtrip","duration":0.053959000000020296,"failureMessages":[],"meta":{}},{"ancestorTitles":["parseMarkdownToOutline and outlineToMarkdown roundtrip"],"fullName":"parseMarkdownToOutline and outlineToMarkdown roundtrip should preserve body content with - through roundtrip","status":"passed","title":"should preserve body content with - through roundtrip","duration":0.05750000000000455,"failureMessages":[],"meta":{}},{"ancestorTitles":["createNode"],"fullName":"createNode should create a node with the given text and level","status":"passed","title":"should create a node with the given text and level","duration":0.11316599999997834,"failureMessages":[],"meta":{}},{"ancestorTitles":["createNode"],"fullName":"createNode should create nodes with unique IDs","status":"passed","title":"should create nodes with unique IDs","duration":0.3107919999999922,"failureMessages":[],"meta":{}},{"ancestorTitles":["findNodeById"],"fullName":"findNodeById should find root level nodes","status":"passed","title":"should find root level nodes","duration":0.05099999999998772,"failureMessages":[],"meta":{}},{"ancestorTitles":["findNodeById"],"fullName":"findNodeById should find child nodes","status":"passed","title":"should find child nodes","duration":0.032292000000040844,"failureMessages":[],"meta":{}},{"ancestorTitles":["findNodeById"],"fullName":"findNodeById should find deeply nested nodes","status":"passed","title":"should find deeply nested nodes","duration":0.02854199999995899,"failureMessages":[],"meta":{}},{"ancestorTitles":["findNodeById"],"fullName":"findNodeById should return null for non-existent IDs","status":"passed","title":"should return null for non-existent IDs","duration":0.04137500000001637,"failureMessages":[],"meta":{}},{"ancestorTitles":["removeNode"],"fullName":"removeNode should remove a root level node","status":"passed","title":"should remove a root level node","duration":0.08683299999995597,"failureMessages":[],"meta":{}},{"ancestorTitles":["removeNode"],"fullName":"removeNode should remove a nested node","status":"passed","title":"should remove a nested node","duration":0.06200000000001182,"failureMessages":[],"meta":{}},{"ancestorTitles":["removeNode"],"fullName":"removeNode should return original tree if node not found","status":"passed","title":"should return original tree if node not found","duration":0.05662499999999682,"failureMessages":[],"meta":{}},{"ancestorTitles":["insertNodeAfter"],"fullName":"insertNodeAfter should insert a node after a specified node at root level","status":"passed","title":"should insert a node after a specified node at root level","duration":0.1560000000000059,"failureMessages":[],"meta":{}},{"ancestorTitles":["appendChildNode"],"fullName":"appendChildNode should add a child to a parent node","status":"passed","title":"should add a child to a parent node","duration":0.13024999999998954,"failureMessages":[],"meta":{}},{"ancestorTitles":["indentNode"],"fullName":"indentNode should indent a node to become child of previous sibling","status":"passed","title":"should indent a node to become child of previous sibling","duration":0.1535409999999615,"failureMessages":[],"meta":{}},{"ancestorTitles":["indentNode"],"fullName":"indentNode should not indent the first node (no previous sibling)","status":"passed","title":"should not indent the first node (no previous sibling)","duration":0.05379200000004403,"failureMessages":[],"meta":{}},{"ancestorTitles":["outdentNode"],"fullName":"outdentNode should outdent a node to become sibling of parent","status":"passed","title":"should outdent a node to become sibling of parent","duration":0.1346250000000282,"failureMessages":[],"meta":{}},{"ancestorTitles":["outdentNode"],"fullName":"outdentNode should not outdent root level nodes","status":"passed","title":"should not outdent root level nodes","duration":0.06462500000003502,"failureMessages":[],"meta":{}},{"ancestorTitles":["moveNode","position: before"],"fullName":"moveNode position: before should move node before target at root level","status":"passed","title":"should move node before target at root level","duration":0.17737499999998363,"failureMessages":[],"meta":{}},{"ancestorTitles":["moveNode","position: after"],"fullName":"moveNode position: after should move node after target at root level","status":"passed","title":"should move node after target at root level","duration":0.059082999999986896,"failureMessages":[],"meta":{}},{"ancestorTitles":["moveNode","position: inside"],"fullName":"moveNode position: inside should move node inside target as child","status":"passed","title":"should move node inside target as child","duration":0.10383300000000872,"failureMessages":[],"meta":{}},{"ancestorTitles":["moveNode","invalid moves"],"fullName":"moveNode invalid moves should not move node onto itself","status":"passed","title":"should not move node onto itself","duration":0.6935419999999795,"failureMessages":[],"meta":{}},{"ancestorTitles":["moveNode","invalid moves"],"fullName":"moveNode invalid moves should not move parent into its own descendant","status":"passed","title":"should not move parent into its own descendant","duration":0.10904199999998809,"failureMessages":[],"meta":{}},{"ancestorTitles":["moveNode","nested moves"],"fullName":"moveNode nested moves should move nested node to root level","status":"passed","title":"should move nested node to root level","duration":0.11112500000001546,"failureMessages":[],"meta":{}},{"ancestorTitles":["moveNode","nested moves"],"fullName":"moveNode nested moves should move node into nested target","status":"passed","title":"should move node into nested target","duration":0.14091700000000174,"failureMessages":[],"meta":{}},{"ancestorTitles":["serializeNodesToText"],"fullName":"serializeNodesToText should serialize nodes with correct indentation","status":"passed","title":"should serialize nodes with correct indentation","duration":0.07920799999999417,"failureMessages":[],"meta":{}},{"ancestorTitles":["serializeNodesToText"],"fullName":"serializeNodesToText should respect baseLevel for partial tree copy","status":"passed","title":"should respect baseLevel for partial tree copy","duration":0.03554100000002336,"failureMessages":[],"meta":{}},{"ancestorTitles":["filterNodes"],"fullName":"filterNodes should match node by text","status":"passed","title":"should match node by text","duration":0.10520799999994779,"failureMessages":[],"meta":{}},{"ancestorTitles":["filterNodes"],"fullName":"filterNodes should match node by content","status":"passed","title":"should match node by content","duration":0.0707079999999678,"failureMessages":[],"meta":{}},{"ancestorTitles":["filterNodes"],"fullName":"filterNodes should include ancestors of matching node","status":"passed","title":"should include ancestors of matching node","duration":0.05820800000003601,"failureMessages":[],"meta":{}},{"ancestorTitles":["filterNodes"],"fullName":"filterNodes should return all visible nodes if query matches root and child","status":"passed","title":"should return all visible nodes if query matches root and child","duration":0.03929099999999153,"failureMessages":[],"meta":{}},{"ancestorTitles":["filterNodes"],"fullName":"filterNodes should be case insensitive","status":"passed","title":"should be case insensitive","duration":0.031124999999974534,"failureMessages":[],"meta":{}},{"ancestorTitles":["stats logic"],"fullName":"stats logic countStats should count characters and words correctly","status":"passed","title":"countStats should count characters and words correctly","duration":0.10779100000002018,"failureMessages":[],"meta":{}},{"ancestorTitles":["stats logic"],"fullName":"stats logic countStats should handle empty input","status":"passed","title":"countStats should handle empty input","duration":0.04745900000000347,"failureMessages":[],"meta":{}},{"ancestorTitles":["stats logic"],"fullName":"stats logic calculateTotalStats should sum stats for the whole tree","status":"passed","title":"calculateTotalStats should sum stats for the whole tree","duration":0.07729199999999992,"failureMessages":[],"meta":{}}],"startTime":1768752967114,"endTime":1768752967120.1409,"status":"passed","message":"","name":"/Users/hayashiryosuke/gemini/vertebra/vertebra/src/lib/outline.test.ts"},{"assertionResults":[{"ancestorTitles":["Search Helpers","normalizeSearchTarget"],"fullName":"Search Helpers normalizeSearchTarget trims whitespace","status":"passed","title":"trims whitespace","duration":0.6160840000000007,"failureMessages":[],"meta":{}},{"ancestorTitles":["Search Helpers","normalizeSearchTarget"],"fullName":"Search Helpers normalizeSearchTarget lowercases content","status":"passed","title":"lowercases content","duration":0.10762500000004138,"failureMessages":[],"meta":{}},{"ancestorTitles":["Search Helpers","normalizeSearchTarget"],"fullName":"Search Helpers normalizeSearchTarget handles escaped bullets","status":"passed","title":"handles escaped bullets","duration":0.08279200000004039,"failureMessages":[],"meta":{}},{"ancestorTitles":["Search Helpers","normalizeSearchTarget"],"fullName":"Search Helpers normalizeSearchTarget handles mixed content","status":"passed","title":"handles mixed content","duration":0.07258299999995188,"failureMessages":[],"meta":{}},{"ancestorTitles":["Search Helpers","findNodeByContent"],"fullName":"Search Helpers findNodeByContent finds node by text","status":"passed","title":"finds node by text","duration":0.09354200000001356,"failureMessages":[],"meta":{}},{"ancestorTitles":["Search Helpers","findNodeByContent"],"fullName":"Search Helpers findNodeByContent finds node by content","status":"passed","title":"finds node by content","duration":0.04866600000002563,"failureMessages":[],"meta":{}},{"ancestorTitles":["Search Helpers","findNodeByContent"],"fullName":"Search Helpers findNodeByContent finds nested node","status":"passed","title":"finds nested node","duration":0.046959000000015294,"failureMessages":[],"meta":{}},{"ancestorTitles":["Search Helpers","findNodeByContent"],"fullName":"Search Helpers findNodeByContent finds node with escaped char query","status":"passed","title":"finds node with escaped char query","duration":0.05920800000001236,"failureMessages":[],"meta":{}},{"ancestorTitles":["Search Helpers","findNodeByContent"],"fullName":"Search Helpers findNodeByContent returns null if not found","status":"passed","title":"returns null if not found","duration":0.07341600000000881,"failureMessages":[],"meta":{}}],"startTime":1768752967215,"endTime":1768752967216.1077,"status":"passed","message":"","name":"/Users/hayashiryosuke/gemini/vertebra/vertebra/src/lib/search.test.ts"},{"assertionResults":[{"ancestorTitles":["ContextMenu","Rendering"],"fullName":"ContextMenu Rendering renders at correct position","status":"passed","title":"renders at correct position","duration":69.114916,"failureMessages":[],"meta":{}},{"ancestorTitles":["ContextMenu","Rendering"],"fullName":"ContextMenu Rendering has correct z-index for overlay","status":"passed","title":"has correct z-index for overlay","duration":46.22604200000001,"failureMessages":[],"meta":{}},{"ancestorTitles":["ContextMenu","File Type Menu"],"fullName":"ContextMenu File Type Menu renders delete button for file type","status":"passed","title":"renders delete button for file type","duration":43.6372080000001,"failureMessages":[],"meta":{}},{"ancestorTitles":["ContextMenu","File Type Menu"],"fullName":"ContextMenu File Type Menu calls onDeleteFile and onClose when delete is clicked","status":"passed","title":"calls onDeleteFile and onClose when delete is clicked","duration":4.841083000000026,"failureMessages":[],"meta":{}},{"ancestorTitles":["ContextMenu","File Type Menu"],"fullName":"ContextMenu File Type Menu only shows delete option for file type","status":"passed","title":"only shows delete option for file type","duration":19.857500000000073,"failureMessages":[],"meta":{}},{"ancestorTitles":["ContextMenu","Outline Type Menu"],"fullName":"ContextMenu Outline Type Menu renders all outline menu options","status":"passed","title":"renders all outline menu options","duration":4.320250000000215,"failureMessages":[],"meta":{}},{"ancestorTitles":["ContextMenu","Outline Type Menu"],"fullName":"ContextMenu Outline Type Menu calls onCopyAsText when copy button is clicked","status":"passed","title":"calls onCopyAsText when copy button is clicked","duration":3.8427909999998064,"failureMessages":[],"meta":{}},{"ancestorTitles":["ContextMenu","Outline Type Menu"],"fullName":"ContextMenu Outline Type Menu calls onIndent and onClose when indent is clicked","status":"passed","title":"calls onIndent and onClose when indent is clicked","duration":3.7422500000000127,"failureMessages":[],"meta":{}},{"ancestorTitles":["ContextMenu","Outline Type Menu"],"fullName":"ContextMenu Outline Type Menu calls onOutdent and onClose when outdent is clicked","status":"passed","title":"calls onOutdent and onClose when outdent is clicked","duration":8.049999999999955,"failureMessages":[],"meta":{}},{"ancestorTitles":["ContextMenu","Outline Type Menu"],"fullName":"ContextMenu Outline Type Menu calls onDeleteNode when delete is clicked","status":"passed","title":"calls onDeleteNode when delete is clicked","duration":30.735666000000037,"failureMessages":[],"meta":{}},{"ancestorTitles":["ContextMenu","Secondary Pane Option"],"fullName":"ContextMenu Secondary Pane Option shows \"Open in Secondary Pane\" when callback is provided","status":"passed","title":"shows \"Open in Secondary Pane\" when callback is provided","duration":4.363749999999982,"failureMessages":[],"meta":{}},{"ancestorTitles":["ContextMenu","Secondary Pane Option"],"fullName":"ContextMenu Secondary Pane Option does not show \"Open in Secondary Pane\" when callback is not provided","status":"passed","title":"does not show \"Open in Secondary Pane\" when callback is not provided","duration":4.048082999999906,"failureMessages":[],"meta":{}},{"ancestorTitles":["ContextMenu","Secondary Pane Option"],"fullName":"ContextMenu Secondary Pane Option calls onOpenInSecondaryPane and onClose when clicked","status":"passed","title":"calls onOpenInSecondaryPane and onClose when clicked","duration":22.946750000000065,"failureMessages":[],"meta":{}},{"ancestorTitles":["ContextMenu","Styling"],"fullName":"ContextMenu Styling applies delete button style to delete actions","status":"passed","title":"applies delete button style to delete actions","duration":80.55650000000014,"failureMessages":[],"meta":{}},{"ancestorTitles":["ContextMenu","Styling"],"fullName":"ContextMenu Styling has dividers between menu sections","status":"passed","title":"has dividers between menu sections","duration":8.447625000000016,"failureMessages":[],"meta":{}},{"ancestorTitles":["ContextMenu","Target ID Handling"],"fullName":"ContextMenu Target ID Handling passes correct targetId to all callbacks","status":"passed","title":"passes correct targetId to all callbacks","duration":14.140791000000036,"failureMessages":[],"meta":{}}],"startTime":1768752965751,"endTime":1768752966120.1409,"status":"passed","message":"","name":"/Users/hayashiryosuke/gemini/vertebra/vertebra/src/components/Sidebar/ContextMenu.test.tsx"},{"assertionResults":[{"ancestorTitles":["FileList","Rendering"],"fullName":"FileList Rendering renders list of files and folders","status":"passed","title":"renders list of files and folders","duration":28.739583999999923,"failureMessages":[],"meta":{}},{"ancestorTitles":["FileList","Rendering"],"fullName":"FileList Rendering renders correct icons","status":"passed","title":"renders correct icons","duration":4.275667000000112,"failureMessages":[],"meta":{}},{"ancestorTitles":["FileList","Rendering"],"fullName":"FileList Rendering highlights selected file","status":"passed","title":"highlights selected file","duration":2.182542000000012,"failureMessages":[],"meta":{}},{"ancestorTitles":["FileList","Navigation"],"fullName":"FileList Navigation calls onNavigateToFolder when folder is clicked","status":"passed","title":"calls onNavigateToFolder when folder is clicked","duration":6.381750000000011,"failureMessages":[],"meta":{}},{"ancestorTitles":["FileList","Navigation"],"fullName":"FileList Navigation calls onSelectFile when file is clicked","status":"passed","title":"calls onSelectFile when file is clicked","duration":1.956042000000025,"failureMessages":[],"meta":{}},{"ancestorTitles":["FileList","Navigation"],"fullName":"FileList Navigation renders back button when inside a subfolder","status":"passed","title":"renders back button when inside a subfolder","duration":1.53387500000008,"failureMessages":[],"meta":{}},{"ancestorTitles":["FileList","Navigation"],"fullName":"FileList Navigation calls onNavigateUp when back button is clicked","status":"passed","title":"calls onNavigateUp when back button is clicked","duration":1.8615409999999883,"failureMessages":[],"meta":{}},{"ancestorTitles":["FileList","Navigation"],"fullName":"FileList Navigation does not render back button at root","status":"passed","title":"does not render back button at root","duration":2.706707999999935,"failureMessages":[],"meta":{}},{"ancestorTitles":["FileList","File Creation"],"fullName":"FileList File Creation renders new file button","status":"passed","title":"renders new file button","duration":8.001874999999927,"failureMessages":[],"meta":{}},{"ancestorTitles":["FileList","File Creation"],"fullName":"FileList File Creation calls onSetIsCreatingFile when new file button is clicked","status":"passed","title":"calls onSetIsCreatingFile when new file button is clicked","duration":4.369999999999891,"failureMessages":[],"meta":{}},{"ancestorTitles":["FileList","File Creation"],"fullName":"FileList File Creation renders input form when isCreatingFile is true","status":"passed","title":"renders input form when isCreatingFile is true","duration":5.314750000000004,"failureMessages":[],"meta":{}},{"ancestorTitles":["FileList","File Creation"],"fullName":"FileList File Creation calls onNewFileNameChange when typing","status":"passed","title":"calls onNewFileNameChange when typing","duration":4.213250000000016,"failureMessages":[],"meta":{}},{"ancestorTitles":["FileList","File Creation"],"fullName":"FileList File Creation calls onCreateSubmit when form is submitted","status":"passed","title":"calls onCreateSubmit when form is submitted","duration":4.078708000000006,"failureMessages":[],"meta":{}},{"ancestorTitles":["FileList","File Creation"],"fullName":"FileList File Creation cancels creation on blur if name is empty","status":"passed","title":"cancels creation on blur if name is empty","duration":1.921583999999939,"failureMessages":[],"meta":{}},{"ancestorTitles":["FileList","File Creation"],"fullName":"FileList File Creation does not cancel creation on blur if name is not empty","status":"passed","title":"does not cancel creation on blur if name is not empty","duration":5.738624999999956,"failureMessages":[],"meta":{}},{"ancestorTitles":["FileList","Context Menu"],"fullName":"FileList Context Menu calls onContextMenu when file is right-clicked","status":"passed","title":"calls onContextMenu when file is right-clicked","duration":4.744916000000103,"failureMessages":[],"meta":{}},{"ancestorTitles":["FileList","Context Menu"],"fullName":"FileList Context Menu does not call onContextMenu when folder is right-clicked","status":"passed","title":"does not call onContextMenu when folder is right-clicked","duration":2.4571670000000267,"failureMessages":[],"meta":{}}],"startTime":1768752965751,"endTime":1768752965842.4573,"status":"passed","message":"","name":"/Users/hayashiryosuke/gemini/vertebra/vertebra/src/components/Sidebar/FileList.test.tsx"}]}